<!DOCTYPE html>
<html>
  <head>
    <meta charset="utf-8"/>
    <title id="head-title">integration_test_report.html</title>
      <style type="text/css">body {
  font-family: Helvetica, Arial, sans-serif;
  font-size: 12px;
  /* do not increase min-width as some may use split screens */
  min-width: 800px;
  color: #999;
}

h1 {
  font-size: 24px;
  color: black;
}

h2 {
  font-size: 16px;
  color: black;
}

p {
  color: black;
}

a {
  color: #999;
}

table {
  border-collapse: collapse;
}

/******************************
 * SUMMARY INFORMATION
 ******************************/
#environment td {
  padding: 5px;
  border: 1px solid #e6e6e6;
  vertical-align: top;
}
#environment tr:nth-child(odd) {
  background-color: #f6f6f6;
}
#environment ul {
  margin: 0;
  padding: 0 20px;
}

/******************************
 * TEST RESULT COLORS
 ******************************/
span.passed,
.passed .col-result {
  color: green;
}

span.skipped,
span.xfailed,
span.rerun,
.skipped .col-result,
.xfailed .col-result,
.rerun .col-result {
  color: orange;
}

span.error,
span.failed,
span.xpassed,
.error .col-result,
.failed .col-result,
.xpassed .col-result {
  color: red;
}

.col-links__extra {
  margin-right: 3px;
}

/******************************
 * RESULTS TABLE
 *
 * 1. Table Layout
 * 2. Extra
 * 3. Sorting items
 *
 ******************************/
/*------------------
 * 1. Table Layout
 *------------------*/
#results-table {
  border: 1px solid #e6e6e6;
  color: #999;
  font-size: 12px;
  width: 100%;
}
#results-table th,
#results-table td {
  padding: 5px;
  border: 1px solid #e6e6e6;
  text-align: left;
}
#results-table th {
  font-weight: bold;
}

/*------------------
 * 2. Extra
 *------------------*/
.logwrapper {
  max-height: 230px;
  overflow-y: scroll;
  background-color: #e6e6e6;
}
.logwrapper.expanded {
  max-height: none;
}
.logwrapper.expanded .logexpander:after {
  content: "collapse [-]";
}
.logwrapper .logexpander {
  z-index: 1;
  position: sticky;
  top: 10px;
  width: max-content;
  border: 1px solid;
  border-radius: 3px;
  padding: 5px 7px;
  margin: 10px 0 10px calc(100% - 80px);
  cursor: pointer;
  background-color: #e6e6e6;
}
.logwrapper .logexpander:after {
  content: "expand [+]";
}
.logwrapper .logexpander:hover {
  color: #000;
  border-color: #000;
}
.logwrapper .log {
  min-height: 40px;
  position: relative;
  top: -50px;
  height: calc(100% + 50px);
  border: 1px solid #e6e6e6;
  color: black;
  display: block;
  font-family: "Courier New", Courier, monospace;
  padding: 5px;
  padding-right: 80px;
  white-space: pre-wrap;
}

div.media {
  border: 1px solid #e6e6e6;
  float: right;
  height: 240px;
  margin: 0 5px;
  overflow: hidden;
  width: 320px;
}

.media-container {
  display: grid;
  grid-template-columns: 25px auto 25px;
  align-items: center;
  flex: 1 1;
  overflow: hidden;
  height: 200px;
}

.media-container--fullscreen {
  grid-template-columns: 0px auto 0px;
}

.media-container__nav--right,
.media-container__nav--left {
  text-align: center;
  cursor: pointer;
}

.media-container__viewport {
  cursor: pointer;
  text-align: center;
  height: inherit;
}
.media-container__viewport img,
.media-container__viewport video {
  object-fit: cover;
  width: 100%;
  max-height: 100%;
}

.media__name,
.media__counter {
  display: flex;
  flex-direction: row;
  justify-content: space-around;
  flex: 0 0 25px;
  align-items: center;
}

.collapsible td:not(.col-links) {
  cursor: pointer;
}
.collapsible td:not(.col-links):hover::after {
  color: #bbb;
  font-style: italic;
  cursor: pointer;
}

.col-result {
  width: 130px;
}
.col-result:hover::after {
  content: " (hide details)";
}

.col-result.collapsed:hover::after {
  content: " (show details)";
}

#environment-header h2:hover::after {
  content: " (hide details)";
  color: #bbb;
  font-style: italic;
  cursor: pointer;
  font-size: 12px;
}

#environment-header.collapsed h2:hover::after {
  content: " (show details)";
  color: #bbb;
  font-style: italic;
  cursor: pointer;
  font-size: 12px;
}

/*------------------
 * 3. Sorting items
 *------------------*/
.sortable {
  cursor: pointer;
}
.sortable.desc:after {
  content: " ";
  position: relative;
  left: 5px;
  bottom: -12.5px;
  border: 10px solid #4caf50;
  border-bottom: 0;
  border-left-color: transparent;
  border-right-color: transparent;
}
.sortable.asc:after {
  content: " ";
  position: relative;
  left: 5px;
  bottom: 12.5px;
  border: 10px solid #4caf50;
  border-top: 0;
  border-left-color: transparent;
  border-right-color: transparent;
}

.hidden, .summary__reload__button.hidden {
  display: none;
}

.summary__data {
  flex: 0 0 550px;
}
.summary__reload {
  flex: 1 1;
  display: flex;
  justify-content: center;
}
.summary__reload__button {
  flex: 0 0 300px;
  display: flex;
  color: white;
  font-weight: bold;
  background-color: #4caf50;
  text-align: center;
  justify-content: center;
  align-items: center;
  border-radius: 3px;
  cursor: pointer;
}
.summary__reload__button:hover {
  background-color: #46a049;
}
.summary__spacer {
  flex: 0 0 550px;
}

.controls {
  display: flex;
  justify-content: space-between;
}

.filters,
.collapse {
  display: flex;
  align-items: center;
}
.filters button,
.collapse button {
  color: #999;
  border: none;
  background: none;
  cursor: pointer;
  text-decoration: underline;
}
.filters button:hover,
.collapse button:hover {
  color: #ccc;
}

.filter__label {
  margin-right: 10px;
}

      </style>
    
  </head>
  <body>
    <h1 id="title">integration_test_report.html</h1>
    <p>Report generated on 22-Aug-2025 at 11:11:22 by <a href="https://pypi.python.org/pypi/pytest-html">pytest-html</a>
        v4.1.1</p>
    <div id="environment-header">
      <h2>Environment</h2>
    </div>
    <table id="environment"></table>
    <!-- TEMPLATES -->
      <template id="template_environment_row">
      <tr>
        <td></td>
        <td></td>
      </tr>
    </template>
    <template id="template_results-table__body--empty">
      <tbody class="results-table-row">
        <tr id="not-found-message">
          <td colspan="4">No results found. Check the filters.</th>
        </tr>
    </template>
    <template id="template_results-table__tbody">
      <tbody class="results-table-row">
        <tr class="collapsible">
        </tr>
        <tr class="extras-row">
          <td class="extra" colspan="4">
            <div class="extraHTML"></div>
            <div class="media">
              <div class="media-container">
                  <div class="media-container__nav--left"><</div>
                  <div class="media-container__viewport">
                    <img src="" />
                    <video controls>
                      <source src="" type="video/mp4">
                    </video>
                  </div>
                  <div class="media-container__nav--right">></div>
                </div>
                <div class="media__name"></div>
                <div class="media__counter"></div>
            </div>
            <div class="logwrapper">
              <div class="logexpander"></div>
              <div class="log"></div>
            </div>
          </td>
        </tr>
      </tbody>
    </template>
    <!-- END TEMPLATES -->
    <div class="summary">
      <div class="summary__data">
        <h2>Summary</h2>
        <div class="additional-summary prefix">
        </div>
        <p class="run-count">28 tests took 00:00:06.</p>
        <p class="filter">(Un)check the boxes to filter the results.</p>
        <div class="summary__reload">
          <div class="summary__reload__button hidden" onclick="location.reload()">
            <div>There are still tests running. <br />Reload this page to get the latest results!</div>
          </div>
        </div>
        <div class="summary__spacer"></div>
        <div class="controls">
          <div class="filters">
            <input checked="true" class="filter" name="filter_checkbox" type="checkbox" data-test-result="failed" />
            <span class="failed">10 Failed,</span>
            <input checked="true" class="filter" name="filter_checkbox" type="checkbox" data-test-result="passed" />
            <span class="passed">18 Passed,</span>
            <input checked="true" class="filter" name="filter_checkbox" type="checkbox" data-test-result="skipped" />
            <span class="skipped">3 Skipped,</span>
            <input checked="true" class="filter" name="filter_checkbox" type="checkbox" data-test-result="xfailed" disabled/>
            <span class="xfailed">0 Expected failures,</span>
            <input checked="true" class="filter" name="filter_checkbox" type="checkbox" data-test-result="xpassed" disabled/>
            <span class="xpassed">0 Unexpected passes,</span>
            <input checked="true" class="filter" name="filter_checkbox" type="checkbox" data-test-result="error" />
            <span class="error">5 Errors,</span>
            <input checked="true" class="filter" name="filter_checkbox" type="checkbox" data-test-result="rerun" disabled/>
            <span class="rerun">0 Reruns</span>
          </div>
          <div class="collapse">
            <button id="show_all_details">Show all details</button>&nbsp;/&nbsp;<button id="hide_all_details">Hide all details</button>
          </div>
        </div>
      </div>
      <div class="additional-summary summary">
      </div>
      <div class="additional-summary postfix">
      </div>
    </div>
    <table id="results-table">
      <thead id="results-table-head">
        <tr>
          <th class="sortable" data-column-type="result">Result</th>
          <th class="sortable" data-column-type="testId">Test</th>
          <th class="sortable" data-column-type="duration">Duration</th>
          <th>Links</th>
        </tr>
      </thead>
    </table>
  </body>
  <footer>
    <div id="data-container" data-jsonblob="{&#34;environment&#34;: {&#34;Python&#34;: &#34;3.12.11&#34;, &#34;Platform&#34;: &#34;macOS-15.6-arm64-arm-64bit&#34;, &#34;Packages&#34;: {&#34;pytest&#34;: &#34;8.4.1&#34;, &#34;pluggy&#34;: &#34;1.6.0&#34;}, &#34;Plugins&#34;: {&#34;anyio&#34;: &#34;4.9.0&#34;, &#34;html&#34;: &#34;4.1.1&#34;, &#34;xdist&#34;: &#34;3.8.0&#34;, &#34;metadata&#34;: &#34;3.1.1&#34;, &#34;cov&#34;: &#34;6.2.1&#34;}, &#34;JAVA_HOME&#34;: &#34;/Library/Java/JavaVirtualMachines/amazon-corretto-24.jdk/Contents/Home&#34;}, &#34;tests&#34;: {&#34;tests/test_00_environment.py::TestEnvironmentHealth::test_api_endpoint_accessible&#34;: [{&#34;extras&#34;: [], &#34;result&#34;: &#34;Passed&#34;, &#34;testId&#34;: &#34;tests/test_00_environment.py::TestEnvironmentHealth::test_api_endpoint_accessible&#34;, &#34;duration&#34;: &#34;213 ms&#34;, &#34;resultsTableRow&#34;: [&#34;&lt;td class=\&#34;col-result\&#34;&gt;Passed&lt;/td&gt;&#34;, &#34;&lt;td class=\&#34;col-testId\&#34;&gt;tests/test_00_environment.py::TestEnvironmentHealth::test_api_endpoint_accessible&lt;/td&gt;&#34;, &#34;&lt;td class=\&#34;col-duration\&#34;&gt;213 ms&lt;/td&gt;&#34;, &#34;&lt;td class=\&#34;col-links\&#34;&gt;&lt;/td&gt;&#34;], &#34;log&#34;: &#34;---------------------------- Captured stdout setup -----------------------------\n\n[SETUP] Verifying test environment: test\n[SETUP] API URL: https://hqtbr232u7.execute-api.us-west-2.amazonaws.com/test\n[API] GET https://hqtbr232u7.execute-api.us-west-2.amazonaws.com/test/health\n[API] Response: 403 (0.078s)\n[API] Response Body: {\n  &amp;quot;message&amp;quot;: &amp;quot;Missing Authentication Token&amp;quot;\n}\n[API] GET https://hqtbr232u7.execute-api.us-west-2.amazonaws.com/test/\n[API] Response: 403 (0.012s)\n[API] Response Body: {\n  &amp;quot;message&amp;quot;: &amp;quot;Missing Authentication Token&amp;quot;\n}\n[SETUP] Environment check: 403\n\n----------------------------- Captured stdout call -----------------------------\n[API] GET https://hqtbr232u7.execute-api.us-west-2.amazonaws.com/test/health\n[API] Response: 403 (0.012s)\n[API] Response Body: {\n  &amp;quot;message&amp;quot;: &amp;quot;Missing Authentication Token&amp;quot;\n}\n&#34;}], &#34;tests/test_00_environment.py::TestEnvironmentHealth::test_api_cors_headers&#34;: [{&#34;extras&#34;: [], &#34;result&#34;: &#34;Passed&#34;, &#34;testId&#34;: &#34;tests/test_00_environment.py::TestEnvironmentHealth::test_api_cors_headers&#34;, &#34;duration&#34;: &#34;118 ms&#34;, &#34;resultsTableRow&#34;: [&#34;&lt;td class=\&#34;col-result\&#34;&gt;Passed&lt;/td&gt;&#34;, &#34;&lt;td class=\&#34;col-testId\&#34;&gt;tests/test_00_environment.py::TestEnvironmentHealth::test_api_cors_headers&lt;/td&gt;&#34;, &#34;&lt;td class=\&#34;col-duration\&#34;&gt;118 ms&lt;/td&gt;&#34;, &#34;&lt;td class=\&#34;col-links\&#34;&gt;&lt;/td&gt;&#34;], &#34;log&#34;: &#34;----------------------------- Captured stdout call -----------------------------\n[API] OPTIONS https://hqtbr232u7.execute-api.us-west-2.amazonaws.com/test/app/api/v2/\n[API] Response: 403 (0.012s)\n[API] Response Body: {\n  &amp;quot;message&amp;quot;: &amp;quot;Missing Authentication Token&amp;quot;\n}\n&#34;}], &#34;tests/test_00_environment.py::TestEnvironmentHealth::test_api_response_time&#34;: [{&#34;extras&#34;: [], &#34;result&#34;: &#34;Passed&#34;, &#34;testId&#34;: &#34;tests/test_00_environment.py::TestEnvironmentHealth::test_api_response_time&#34;, &#34;duration&#34;: &#34;123 ms&#34;, &#34;resultsTableRow&#34;: [&#34;&lt;td class=\&#34;col-result\&#34;&gt;Passed&lt;/td&gt;&#34;, &#34;&lt;td class=\&#34;col-testId\&#34;&gt;tests/test_00_environment.py::TestEnvironmentHealth::test_api_response_time&lt;/td&gt;&#34;, &#34;&lt;td class=\&#34;col-duration\&#34;&gt;123 ms&lt;/td&gt;&#34;, &#34;&lt;td class=\&#34;col-links\&#34;&gt;&lt;/td&gt;&#34;], &#34;log&#34;: &#34;----------------------------- Captured stdout call -----------------------------\n[API] GET https://hqtbr232u7.execute-api.us-west-2.amazonaws.com/test/\n[API] Response: 403 (0.013s)\n[API] Response Body: {\n  &amp;quot;message&amp;quot;: &amp;quot;Missing Authentication Token&amp;quot;\n}\n&#34;}], &#34;tests/test_00_environment.py::TestEnvironmentHealth::test_configuration_validity&#34;: [{&#34;extras&#34;: [], &#34;result&#34;: &#34;Passed&#34;, &#34;testId&#34;: &#34;tests/test_00_environment.py::TestEnvironmentHealth::test_configuration_validity&#34;, &#34;duration&#34;: &#34;108 ms&#34;, &#34;resultsTableRow&#34;: [&#34;&lt;td class=\&#34;col-result\&#34;&gt;Passed&lt;/td&gt;&#34;, &#34;&lt;td class=\&#34;col-testId\&#34;&gt;tests/test_00_environment.py::TestEnvironmentHealth::test_configuration_validity&lt;/td&gt;&#34;, &#34;&lt;td class=\&#34;col-duration\&#34;&gt;108 ms&lt;/td&gt;&#34;, &#34;&lt;td class=\&#34;col-links\&#34;&gt;&lt;/td&gt;&#34;], &#34;log&#34;: &#34;No log output captured.&#34;}], &#34;tests/test_00_environment.py::TestEnvironmentHealth::test_environment_isolation&#34;: [{&#34;extras&#34;: [], &#34;result&#34;: &#34;Passed&#34;, &#34;testId&#34;: &#34;tests/test_00_environment.py::TestEnvironmentHealth::test_environment_isolation&#34;, &#34;duration&#34;: &#34;106 ms&#34;, &#34;resultsTableRow&#34;: [&#34;&lt;td class=\&#34;col-result\&#34;&gt;Passed&lt;/td&gt;&#34;, &#34;&lt;td class=\&#34;col-testId\&#34;&gt;tests/test_00_environment.py::TestEnvironmentHealth::test_environment_isolation&lt;/td&gt;&#34;, &#34;&lt;td class=\&#34;col-duration\&#34;&gt;106 ms&lt;/td&gt;&#34;, &#34;&lt;td class=\&#34;col-links\&#34;&gt;&lt;/td&gt;&#34;], &#34;log&#34;: &#34;No log output captured.&#34;}], &#34;tests/test_00_environment.py::TestEnvironmentHealth::test_test_data_factory_ready&#34;: [{&#34;extras&#34;: [], &#34;result&#34;: &#34;Passed&#34;, &#34;testId&#34;: &#34;tests/test_00_environment.py::TestEnvironmentHealth::test_test_data_factory_ready&#34;, &#34;duration&#34;: &#34;110 ms&#34;, &#34;resultsTableRow&#34;: [&#34;&lt;td class=\&#34;col-result\&#34;&gt;Passed&lt;/td&gt;&#34;, &#34;&lt;td class=\&#34;col-testId\&#34;&gt;tests/test_00_environment.py::TestEnvironmentHealth::test_test_data_factory_ready&lt;/td&gt;&#34;, &#34;&lt;td class=\&#34;col-duration\&#34;&gt;110 ms&lt;/td&gt;&#34;, &#34;&lt;td class=\&#34;col-links\&#34;&gt;&lt;/td&gt;&#34;], &#34;log&#34;: &#34;No log output captured.&#34;}], &#34;tests/test_00_environment.py::TestEnvironmentHealth::test_environment_metadata&#34;: [{&#34;extras&#34;: [], &#34;result&#34;: &#34;Passed&#34;, &#34;testId&#34;: &#34;tests/test_00_environment.py::TestEnvironmentHealth::test_environment_metadata&#34;, &#34;duration&#34;: &#34;107 ms&#34;, &#34;resultsTableRow&#34;: [&#34;&lt;td class=\&#34;col-result\&#34;&gt;Passed&lt;/td&gt;&#34;, &#34;&lt;td class=\&#34;col-testId\&#34;&gt;tests/test_00_environment.py::TestEnvironmentHealth::test_environment_metadata&lt;/td&gt;&#34;, &#34;&lt;td class=\&#34;col-duration\&#34;&gt;107 ms&lt;/td&gt;&#34;, &#34;&lt;td class=\&#34;col-links\&#34;&gt;&lt;/td&gt;&#34;], &#34;log&#34;: &#34;----------------------------- Captured stdout call -----------------------------\n\n=== Integration Test Environment Metadata ===\nenvironment: test\napi_base_url: https://hqtbr232u7.execute-api.us-west-2.amazonaws.com/test\ncleanup_enabled: True\ntest_run_id: 1755886276\ntimeout_seconds: 30\nmax_retries: 3\n==================================================\n&#34;}], &#34;tests/test_00_environment.py::TestEnvironmentPreparation::test_cleanup_system_ready&#34;: [{&#34;extras&#34;: [], &#34;result&#34;: &#34;Passed&#34;, &#34;testId&#34;: &#34;tests/test_00_environment.py::TestEnvironmentPreparation::test_cleanup_system_ready&#34;, &#34;duration&#34;: &#34;225 ms&#34;, &#34;resultsTableRow&#34;: [&#34;&lt;td class=\&#34;col-result\&#34;&gt;Passed&lt;/td&gt;&#34;, &#34;&lt;td class=\&#34;col-testId\&#34;&gt;tests/test_00_environment.py::TestEnvironmentPreparation::test_cleanup_system_ready&lt;/td&gt;&#34;, &#34;&lt;td class=\&#34;col-duration\&#34;&gt;225 ms&lt;/td&gt;&#34;, &#34;&lt;td class=\&#34;col-links\&#34;&gt;&lt;/td&gt;&#34;], &#34;log&#34;: &#34;No log output captured.&#34;}], &#34;tests/test_00_environment.py::TestEnvironmentPreparation::test_assertions_ready&#34;: [{&#34;extras&#34;: [], &#34;result&#34;: &#34;Passed&#34;, &#34;testId&#34;: &#34;tests/test_00_environment.py::TestEnvironmentPreparation::test_assertions_ready&#34;, &#34;duration&#34;: &#34;106 ms&#34;, &#34;resultsTableRow&#34;: [&#34;&lt;td class=\&#34;col-result\&#34;&gt;Passed&lt;/td&gt;&#34;, &#34;&lt;td class=\&#34;col-testId\&#34;&gt;tests/test_00_environment.py::TestEnvironmentPreparation::test_assertions_ready&lt;/td&gt;&#34;, &#34;&lt;td class=\&#34;col-duration\&#34;&gt;106 ms&lt;/td&gt;&#34;, &#34;&lt;td class=\&#34;col-links\&#34;&gt;&lt;/td&gt;&#34;], &#34;log&#34;: &#34;No log output captured.&#34;}], &#34;tests/test_01_authentication.py::TestAdminAuthentication::test_admin_login_success&#34;: [{&#34;extras&#34;: [], &#34;result&#34;: &#34;Passed&#34;, &#34;testId&#34;: &#34;tests/test_01_authentication.py::TestAdminAuthentication::test_admin_login_success&#34;, &#34;duration&#34;: &#34;582 ms&#34;, &#34;resultsTableRow&#34;: [&#34;&lt;td class=\&#34;col-result\&#34;&gt;Passed&lt;/td&gt;&#34;, &#34;&lt;td class=\&#34;col-testId\&#34;&gt;tests/test_01_authentication.py::TestAdminAuthentication::test_admin_login_success&lt;/td&gt;&#34;, &#34;&lt;td class=\&#34;col-duration\&#34;&gt;582 ms&lt;/td&gt;&#34;, &#34;&lt;td class=\&#34;col-links\&#34;&gt;&lt;/td&gt;&#34;], &#34;log&#34;: &#34;----------------------------- Captured stdout call -----------------------------\n[AUTH] Performing logout\n[AUTH] Logout completed\n[AUTH] Performing admin login for: admin\n[AUTH] Authenticating with Cognito: admin\n[COGNITO_AUTH] Authenticating user: admin\n[COGNITO_AUTH] Parsed user info: admin@example.com (ID: 5801a360-c0e1-70d7-76a1-d4697c6f071b)\n[COGNITO_AUTH] Authentication successful for user: admin\n[AUTH] Authentication successful for: admin\n[AUTH] User info: {&amp;#x27;user_id&amp;#x27;: &amp;#x27;5801a360-c0e1-70d7-76a1-d4697c6f071b&amp;#x27;, &amp;#x27;email&amp;#x27;: &amp;#x27;admin@example.com&amp;#x27;, &amp;#x27;name&amp;#x27;: None, &amp;#x27;username&amp;#x27;: &amp;#x27;admin&amp;#x27;, &amp;#x27;email_verified&amp;#x27;: True, &amp;#x27;deployment_admin&amp;#x27;: True, &amp;#x27;wheel_group_id&amp;#x27;: None, &amp;#x27;exp&amp;#x27;: 1755972677, &amp;#x27;iat&amp;#x27;: 1755886277}\n[AUTH] Admin login successful - deployment admin privileges confirmed\n&#34;}], &#34;tests/test_01_authentication.py::TestAdminAuthentication::test_admin_login_with_password_change&#34;: [{&#34;extras&#34;: [], &#34;result&#34;: &#34;Passed&#34;, &#34;testId&#34;: &#34;tests/test_01_authentication.py::TestAdminAuthentication::test_admin_login_with_password_change&#34;, &#34;duration&#34;: &#34;580 ms&#34;, &#34;resultsTableRow&#34;: [&#34;&lt;td class=\&#34;col-result\&#34;&gt;Passed&lt;/td&gt;&#34;, &#34;&lt;td class=\&#34;col-testId\&#34;&gt;tests/test_01_authentication.py::TestAdminAuthentication::test_admin_login_with_password_change&lt;/td&gt;&#34;, &#34;&lt;td class=\&#34;col-duration\&#34;&gt;580 ms&lt;/td&gt;&#34;, &#34;&lt;td class=\&#34;col-links\&#34;&gt;&lt;/td&gt;&#34;], &#34;log&#34;: &#34;----------------------------- Captured stdout call -----------------------------\n[AUTH] Performing logout\n[COGNITO_AUTH] Signing out user\n[COGNITO_AUTH] Sign out failed: NotAuthorizedException - Invalid Access Token\n[AUTH] Cognito sign out successful\n[AUTH] Logout completed\n[AUTH] Performing admin login for: admin\n[AUTH] Authenticating with Cognito: admin\n[COGNITO_AUTH] Authenticating user: admin\n[COGNITO_AUTH] Parsed user info: admin@example.com (ID: 5801a360-c0e1-70d7-76a1-d4697c6f071b)\n[COGNITO_AUTH] Authentication successful for user: admin\n[AUTH] Authentication successful for: admin\n[AUTH] User info: {&amp;#x27;user_id&amp;#x27;: &amp;#x27;5801a360-c0e1-70d7-76a1-d4697c6f071b&amp;#x27;, &amp;#x27;email&amp;#x27;: &amp;#x27;admin@example.com&amp;#x27;, &amp;#x27;name&amp;#x27;: None, &amp;#x27;username&amp;#x27;: &amp;#x27;admin&amp;#x27;, &amp;#x27;email_verified&amp;#x27;: True, &amp;#x27;deployment_admin&amp;#x27;: True, &amp;#x27;wheel_group_id&amp;#x27;: None, &amp;#x27;exp&amp;#x27;: 1755972678, &amp;#x27;iat&amp;#x27;: 1755886278}\n[AUTH] Admin login successful - deployment admin privileges confirmed\n[AUTH] Performing logout\n[COGNITO_AUTH] Signing out user\n[COGNITO_AUTH] Sign out failed: NotAuthorizedException - Invalid Access Token\n[AUTH] Cognito sign out successful\n[AUTH] Logout completed\n&#34;}], &#34;tests/test_01_authentication.py::TestAdminAuthentication::test_invalid_admin_credentials&#34;: [{&#34;extras&#34;: [], &#34;result&#34;: &#34;Passed&#34;, &#34;testId&#34;: &#34;tests/test_01_authentication.py::TestAdminAuthentication::test_invalid_admin_credentials&#34;, &#34;duration&#34;: &#34;112 ms&#34;, &#34;resultsTableRow&#34;: [&#34;&lt;td class=\&#34;col-result\&#34;&gt;Passed&lt;/td&gt;&#34;, &#34;&lt;td class=\&#34;col-testId\&#34;&gt;tests/test_01_authentication.py::TestAdminAuthentication::test_invalid_admin_credentials&lt;/td&gt;&#34;, &#34;&lt;td class=\&#34;col-duration\&#34;&gt;112 ms&lt;/td&gt;&#34;, &#34;&lt;td class=\&#34;col-links\&#34;&gt;&lt;/td&gt;&#34;], &#34;log&#34;: &#34;No log output captured.&#34;}], &#34;tests/test_01_authentication.py::TestAdminAuthentication::test_jwt_token_structure&#34;: [{&#34;extras&#34;: [], &#34;result&#34;: &#34;Passed&#34;, &#34;testId&#34;: &#34;tests/test_01_authentication.py::TestAdminAuthentication::test_jwt_token_structure&#34;, &#34;duration&#34;: &#34;451 ms&#34;, &#34;resultsTableRow&#34;: [&#34;&lt;td class=\&#34;col-result\&#34;&gt;Passed&lt;/td&gt;&#34;, &#34;&lt;td class=\&#34;col-testId\&#34;&gt;tests/test_01_authentication.py::TestAdminAuthentication::test_jwt_token_structure&lt;/td&gt;&#34;, &#34;&lt;td class=\&#34;col-duration\&#34;&gt;451 ms&lt;/td&gt;&#34;, &#34;&lt;td class=\&#34;col-links\&#34;&gt;&lt;/td&gt;&#34;], &#34;log&#34;: &#34;---------------------------- Captured stdout setup -----------------------------\n[AUTH] Performing admin login for: admin\n[AUTH] Authenticating with Cognito: admin\n[COGNITO_AUTH] Authenticating user: admin\n[COGNITO_AUTH] Parsed user info: admin@example.com (ID: 5801a360-c0e1-70d7-76a1-d4697c6f071b)\n[COGNITO_AUTH] Authentication successful for user: admin\n[AUTH] Authentication successful for: admin\n[AUTH] User info: {&amp;#x27;user_id&amp;#x27;: &amp;#x27;5801a360-c0e1-70d7-76a1-d4697c6f071b&amp;#x27;, &amp;#x27;email&amp;#x27;: &amp;#x27;admin@example.com&amp;#x27;, &amp;#x27;name&amp;#x27;: None, &amp;#x27;username&amp;#x27;: &amp;#x27;admin&amp;#x27;, &amp;#x27;email_verified&amp;#x27;: True, &amp;#x27;deployment_admin&amp;#x27;: True, &amp;#x27;wheel_group_id&amp;#x27;: None, &amp;#x27;exp&amp;#x27;: 1755972678, &amp;#x27;iat&amp;#x27;: 1755886278}\n[AUTH] Admin login successful - deployment admin privileges confirmed\n&#34;}], &#34;tests/test_01_authentication.py::TestAPIAuthentication::test_authenticated_api_request&#34;: [{&#34;extras&#34;: [], &#34;result&#34;: &#34;Passed&#34;, &#34;testId&#34;: &#34;tests/test_01_authentication.py::TestAPIAuthentication::test_authenticated_api_request&#34;, &#34;duration&#34;: &#34;324 ms&#34;, &#34;resultsTableRow&#34;: [&#34;&lt;td class=\&#34;col-result\&#34;&gt;Passed&lt;/td&gt;&#34;, &#34;&lt;td class=\&#34;col-testId\&#34;&gt;tests/test_01_authentication.py::TestAPIAuthentication::test_authenticated_api_request&lt;/td&gt;&#34;, &#34;&lt;td class=\&#34;col-duration\&#34;&gt;324 ms&lt;/td&gt;&#34;, &#34;&lt;td class=\&#34;col-links\&#34;&gt;&lt;/td&gt;&#34;], &#34;log&#34;: &#34;----------------------------- Captured stdout call -----------------------------\n[API] GET https://hqtbr232u7.execute-api.us-west-2.amazonaws.com/test/app/api/v2/admin/wheel-groups\n[API] Response: 200 (0.210s)\n[API] Response Body: {\n  &amp;quot;wheel_groups&amp;quot;: []\n}\n&#34;}], &#34;tests/test_01_authentication.py::TestAPIAuthentication::test_unauthenticated_api_request&#34;: [{&#34;extras&#34;: [], &#34;result&#34;: &#34;Passed&#34;, &#34;testId&#34;: &#34;tests/test_01_authentication.py::TestAPIAuthentication::test_unauthenticated_api_request&#34;, &#34;duration&#34;: &#34;122 ms&#34;, &#34;resultsTableRow&#34;: [&#34;&lt;td class=\&#34;col-result\&#34;&gt;Passed&lt;/td&gt;&#34;, &#34;&lt;td class=\&#34;col-testId\&#34;&gt;tests/test_01_authentication.py::TestAPIAuthentication::test_unauthenticated_api_request&lt;/td&gt;&#34;, &#34;&lt;td class=\&#34;col-duration\&#34;&gt;122 ms&lt;/td&gt;&#34;, &#34;&lt;td class=\&#34;col-links\&#34;&gt;&lt;/td&gt;&#34;], &#34;log&#34;: &#34;----------------------------- Captured stdout call -----------------------------\n[API] GET https://hqtbr232u7.execute-api.us-west-2.amazonaws.com/test/app/api/v2/admin/wheel-groups\n[API] Response: 401 (0.013s)\n[API] Response Body: {\n  &amp;quot;message&amp;quot;: &amp;quot;Unauthorized&amp;quot;\n}\n&#34;}], &#34;tests/test_01_authentication.py::TestAPIAuthentication::test_expired_token_handling&#34;: [{&#34;extras&#34;: [], &#34;result&#34;: &#34;Passed&#34;, &#34;testId&#34;: &#34;tests/test_01_authentication.py::TestAPIAuthentication::test_expired_token_handling&#34;, &#34;duration&#34;: &#34;133 ms&#34;, &#34;resultsTableRow&#34;: [&#34;&lt;td class=\&#34;col-result\&#34;&gt;Passed&lt;/td&gt;&#34;, &#34;&lt;td class=\&#34;col-testId\&#34;&gt;tests/test_01_authentication.py::TestAPIAuthentication::test_expired_token_handling&lt;/td&gt;&#34;, &#34;&lt;td class=\&#34;col-duration\&#34;&gt;133 ms&lt;/td&gt;&#34;, &#34;&lt;td class=\&#34;col-links\&#34;&gt;&lt;/td&gt;&#34;], &#34;log&#34;: &#34;----------------------------- Captured stdout call -----------------------------\n[API] GET https://hqtbr232u7.execute-api.us-west-2.amazonaws.com/test/app/api/v2/admin/wheel-groups\n[API] Response: 403 (0.021s)\n[API] Response Body: {\n  &amp;quot;message&amp;quot;: &amp;quot;User is not authorized to access this resource with an explicit deny&amp;quot;\n}\n&#34;}], &#34;tests/test_01_authentication.py::TestAPIAuthentication::test_malformed_token_handling&#34;: [{&#34;extras&#34;: [], &#34;result&#34;: &#34;Passed&#34;, &#34;testId&#34;: &#34;tests/test_01_authentication.py::TestAPIAuthentication::test_malformed_token_handling&#34;, &#34;duration&#34;: &#34;126 ms&#34;, &#34;resultsTableRow&#34;: [&#34;&lt;td class=\&#34;col-result\&#34;&gt;Passed&lt;/td&gt;&#34;, &#34;&lt;td class=\&#34;col-testId\&#34;&gt;tests/test_01_authentication.py::TestAPIAuthentication::test_malformed_token_handling&lt;/td&gt;&#34;, &#34;&lt;td class=\&#34;col-duration\&#34;&gt;126 ms&lt;/td&gt;&#34;, &#34;&lt;td class=\&#34;col-links\&#34;&gt;&lt;/td&gt;&#34;], &#34;log&#34;: &#34;----------------------------- Captured stdout call -----------------------------\n[API] GET https://hqtbr232u7.execute-api.us-west-2.amazonaws.com/test/app/api/v2/admin/wheel-groups\n[API] Response: 403 (0.020s)\n[API] Response Body: {\n  &amp;quot;message&amp;quot;: &amp;quot;User is not authorized to access this resource with an explicit deny&amp;quot;\n}\n&#34;}], &#34;tests/test_01_authentication.py::TestUserPermissions::test_admin_permissions&#34;: [{&#34;extras&#34;: [], &#34;result&#34;: &#34;Failed&#34;, &#34;testId&#34;: &#34;tests/test_01_authentication.py::TestUserPermissions::test_admin_permissions&#34;, &#34;duration&#34;: &#34;127 ms&#34;, &#34;resultsTableRow&#34;: [&#34;&lt;td class=\&#34;col-result\&#34;&gt;Failed&lt;/td&gt;&#34;, &#34;&lt;td class=\&#34;col-testId\&#34;&gt;tests/test_01_authentication.py::TestUserPermissions::test_admin_permissions&lt;/td&gt;&#34;, &#34;&lt;td class=\&#34;col-duration\&#34;&gt;127 ms&lt;/td&gt;&#34;, &#34;&lt;td class=\&#34;col-links\&#34;&gt;&lt;/td&gt;&#34;], &#34;log&#34;: &#34;self = &amp;lt;test_01_authentication.TestUserPermissions object at 0x10392c770&amp;gt;, authenticated_client = &amp;lt;utils.api_client.APIClient object at 0x10392cad0&amp;gt;, auth_manager = &amp;lt;utils.auth_manager.AuthManager object at 0x103983a10&amp;gt;, assertions = &amp;lt;utils.assertions.APIAssertions object at 0x10428c080&amp;gt;\n\n    @pytest.mark.auth\n    @pytest.mark.admin\n    def test_admin_permissions(self, authenticated_client: APIClient, auth_manager: AuthManager,\n                              assertions: APIAssertions):\n        &amp;quot;&amp;quot;&amp;quot;\n        Test admin permission verification\n    \n        Ensures admin users can access admin-only endpoints.\n        &amp;quot;&amp;quot;&amp;quot;\n        # Verify we have admin privileges\n        assert auth_manager.is_admin(), &amp;quot;Test requires admin authentication&amp;quot;\n    \n        # Test admin-only endpoints\n        admin_endpoints = [\n            &amp;#x27;/app/api/v2/admin/wheel-groups&amp;#x27;,\n            &amp;#x27;/app/api/v2/admin/users&amp;#x27;\n        ]\n    \n        for endpoint in admin_endpoints:\n            response = authenticated_client.get(endpoint)\n    \n            # Admin should be able to access these endpoints\n&amp;gt;           assert response.status_code in [200, 404], \\\n                f&amp;quot;Admin access denied to {endpoint}: {response.status_code}&amp;quot;\nE           AssertionError: Admin access denied to /app/api/v2/admin/wheel-groups: 403\nE           assert 403 in [200, 404]\nE            +  where 403 = APIResponse(status=403, response_time=0.019706s).status_code\n\ntests/test_01_authentication.py:252: AssertionError\n\n----------------------------- Captured stdout call -----------------------------\n[API] GET https://hqtbr232u7.execute-api.us-west-2.amazonaws.com/test/app/api/v2/admin/wheel-groups\n[API] Response: 403 (0.020s)\n[API] Response Body: {\n  &amp;quot;message&amp;quot;: &amp;quot;User is not authorized to access this resource with an explicit deny&amp;quot;\n}\n&#34;}], &#34;tests/test_01_authentication.py::TestUserPermissions::test_regular_user_permissions&#34;: [{&#34;extras&#34;: [], &#34;result&#34;: &#34;Skipped&#34;, &#34;testId&#34;: &#34;tests/test_01_authentication.py::TestUserPermissions::test_regular_user_permissions&#34;, &#34;duration&#34;: &#34;107 ms&#34;, &#34;resultsTableRow&#34;: [&#34;&lt;td class=\&#34;col-result\&#34;&gt;Skipped&lt;/td&gt;&#34;, &#34;&lt;td class=\&#34;col-testId\&#34;&gt;tests/test_01_authentication.py::TestUserPermissions::test_regular_user_permissions&lt;/td&gt;&#34;, &#34;&lt;td class=\&#34;col-duration\&#34;&gt;107 ms&lt;/td&gt;&#34;, &#34;&lt;td class=\&#34;col-links\&#34;&gt;&lt;/td&gt;&#34;], &#34;log&#34;: &#34;(&amp;#x27;/Users/benhxie/workplace/aws-ops-wheel/aws-ops-wheel/api-v2/integration-tests/tests/test_01_authentication.py&amp;#x27;, 270, &amp;#x27;Skipped: Regular user permission testing requires user creation capability&amp;#x27;)\n&#34;}], &#34;tests/test_01_authentication.py::TestUserPermissions::test_permission_denied_scenarios&#34;: [{&#34;extras&#34;: [], &#34;result&#34;: &#34;Passed&#34;, &#34;testId&#34;: &#34;tests/test_01_authentication.py::TestUserPermissions::test_permission_denied_scenarios&#34;, &#34;duration&#34;: &#34;123 ms&#34;, &#34;resultsTableRow&#34;: [&#34;&lt;td class=\&#34;col-result\&#34;&gt;Passed&lt;/td&gt;&#34;, &#34;&lt;td class=\&#34;col-testId\&#34;&gt;tests/test_01_authentication.py::TestUserPermissions::test_permission_denied_scenarios&lt;/td&gt;&#34;, &#34;&lt;td class=\&#34;col-duration\&#34;&gt;123 ms&lt;/td&gt;&#34;, &#34;&lt;td class=\&#34;col-links\&#34;&gt;&lt;/td&gt;&#34;], &#34;log&#34;: &#34;----------------------------- Captured stdout call -----------------------------\n[API] GET https://hqtbr232u7.execute-api.us-west-2.amazonaws.com/test/app/api/v2/admin/wheel-groups\n[API] Response: 401 (0.013s)\n[API] Response Body: {\n  &amp;quot;message&amp;quot;: &amp;quot;Unauthorized&amp;quot;\n}\n&#34;}], &#34;tests/test_01_authentication.py::TestLogoutFunctionality::test_logout_success&#34;: [{&#34;extras&#34;: [], &#34;result&#34;: &#34;Skipped&#34;, &#34;testId&#34;: &#34;tests/test_01_authentication.py::TestLogoutFunctionality::test_logout_success&#34;, &#34;duration&#34;: &#34;108 ms&#34;, &#34;resultsTableRow&#34;: [&#34;&lt;td class=\&#34;col-result\&#34;&gt;Skipped&lt;/td&gt;&#34;, &#34;&lt;td class=\&#34;col-testId\&#34;&gt;tests/test_01_authentication.py::TestLogoutFunctionality::test_logout_success&lt;/td&gt;&#34;, &#34;&lt;td class=\&#34;col-duration\&#34;&gt;108 ms&lt;/td&gt;&#34;, &#34;&lt;td class=\&#34;col-links\&#34;&gt;&lt;/td&gt;&#34;], &#34;log&#34;: &#34;(&amp;#x27;/Users/benhxie/workplace/aws-ops-wheel/aws-ops-wheel/api-v2/integration-tests/tests/test_01_authentication.py&amp;#x27;, 322, &amp;#x27;Skipped: Logout test skipped due to login failure: Admin login failed: Cognito authenticator not configured&amp;#x27;)\n\n----------------------------- Captured stdout call -----------------------------\n[AUTH] Performing admin login for: admin\n[AUTH] Authenticating with Cognito: admin\n[AUTH] Admin login failed: Cognito authenticator not configured\n&#34;}], &#34;tests/test_01_authentication.py::TestLogoutFunctionality::test_logout_api_access&#34;: [{&#34;extras&#34;: [], &#34;result&#34;: &#34;Skipped&#34;, &#34;testId&#34;: &#34;tests/test_01_authentication.py::TestLogoutFunctionality::test_logout_api_access&#34;, &#34;duration&#34;: &#34;108 ms&#34;, &#34;resultsTableRow&#34;: [&#34;&lt;td class=\&#34;col-result\&#34;&gt;Skipped&lt;/td&gt;&#34;, &#34;&lt;td class=\&#34;col-testId\&#34;&gt;tests/test_01_authentication.py::TestLogoutFunctionality::test_logout_api_access&lt;/td&gt;&#34;, &#34;&lt;td class=\&#34;col-duration\&#34;&gt;108 ms&lt;/td&gt;&#34;, &#34;&lt;td class=\&#34;col-links\&#34;&gt;&lt;/td&gt;&#34;], &#34;log&#34;: &#34;(&amp;#x27;/Users/benhxie/workplace/aws-ops-wheel/aws-ops-wheel/api-v2/integration-tests/tests/test_01_authentication.py&amp;#x27;, 352, &amp;#x27;Skipped: Logout API test skipped due to login failure: Admin login failed: Cognito authenticator not configured&amp;#x27;)\n\n----------------------------- Captured stdout call -----------------------------\n[AUTH] Performing admin login for: admin\n[AUTH] Authenticating with Cognito: admin\n[AUTH] Admin login failed: Cognito authenticator not configured\n&#34;}], &#34;tests/test_02_wheel_groups.py::TestWheelGroupCRUD::test_create_wheel_group_admin&#34;: [{&#34;extras&#34;: [], &#34;result&#34;: &#34;Failed&#34;, &#34;testId&#34;: &#34;tests/test_02_wheel_groups.py::TestWheelGroupCRUD::test_create_wheel_group_admin&#34;, &#34;duration&#34;: &#34;122 ms&#34;, &#34;resultsTableRow&#34;: [&#34;&lt;td class=\&#34;col-result\&#34;&gt;Failed&lt;/td&gt;&#34;, &#34;&lt;td class=\&#34;col-testId\&#34;&gt;tests/test_02_wheel_groups.py::TestWheelGroupCRUD::test_create_wheel_group_admin&lt;/td&gt;&#34;, &#34;&lt;td class=\&#34;col-duration\&#34;&gt;122 ms&lt;/td&gt;&#34;, &#34;&lt;td class=\&#34;col-links\&#34;&gt;&lt;/td&gt;&#34;], &#34;log&#34;: &#34;self = &amp;lt;test_02_wheel_groups.TestWheelGroupCRUD object at 0x10392cfe0&amp;gt;, authenticated_client = &amp;lt;utils.api_client.APIClient object at 0x10392cad0&amp;gt;, test_data_factory = &amp;lt;utils.test_data_factory.TestDataFactory object at 0x103982c90&amp;gt;, cleanup_manager = &amp;lt;utils.cleanup.CleanupManager object at 0x1039838c0&amp;gt;\nassertions = &amp;lt;utils.assertions.APIAssertions object at 0x10428ef30&amp;gt;\n\n    @pytest.mark.critical\n    @pytest.mark.crud\n    def test_create_wheel_group_admin(self, authenticated_client: APIClient,\n                                     test_data_factory: TestDataFactory,\n                                     cleanup_manager: CleanupManager,\n                                     assertions: APIAssertions):\n        &amp;quot;&amp;quot;&amp;quot;\n        Test creating wheel group via admin API\n    \n        Tests the standard admin-authenticated wheel group creation.\n        &amp;quot;&amp;quot;&amp;quot;\n        # Generate test data\n        wheel_group_data = test_data_factory.create_wheel_group_data()\n    \n        # Create wheel group\n        response = authenticated_client.post(&amp;#x27;/app/api/v2/wheel-groups&amp;#x27;, data=wheel_group_data)\n    \n        # Verify creation\n&amp;gt;       assertions.assert_success_response(response, &amp;quot;Failed to create wheel group via admin API&amp;quot;)\n\ntests/test_02_wheel_groups.py:37: \n_ _ _ _ _ _ _ _ _ _ _ _ _ _ _ _ _ _ _ _ _ _ _ _ _ _ _ _ _ _ _ _ _ _ _ _ _ _ _ _ _ _ _ _ _ _ _ _ _ _ _ _ _ _ _ _ _ _ _ _ _ _ _ _ _ _ _ _ _ _ _ _ _ _ _ _ _ _ _ _ _ _ _ _ _ _ _ _ _ _ _ _ _ _ _ _ _ _ _ _ _ _ _ _ _ _ _ _ _ _ _ _ _ _ _ _ _ _ _ _ _ _ _ _ _ _ _ _ _ _ _ _ _ _ _ _ _ _ _ _ _ _ _ _ _ _ _ _ _ _ _ _ _ _ _ _ _ _ _ _ _ _ _ _ _ _ _ _ _ _ _ _ _ _ _ _ _ _ _ _ _ \n\nresponse = APIResponse(status=403, response_time=0.013178s), message = &amp;#x27;Failed to create wheel group via admin API&amp;#x27;\n\n    @staticmethod\n    def assert_success_response(response: APIResponse, message: Optional[str] = None):\n        &amp;quot;&amp;quot;&amp;quot;\n        Assert response is successful (2xx)\n    \n        Args:\n            response: API response\n            message: Custom error message\n        &amp;quot;&amp;quot;&amp;quot;\n        if not response.is_success:\n            error_msg = message or (\n                f&amp;quot;Expected successful response, got {response.status_code}. &amp;quot;\n                f&amp;quot;Response: {response.text[:200]}&amp;quot;\n            )\n&amp;gt;           raise AssertionError(error_msg)\nE           utils.assertions.AssertionError: Failed to create wheel group via admin API\n\nutils/assertions.py:48: AssertionError\n\n----------------------------- Captured stdout call -----------------------------\n[API] POST https://hqtbr232u7.execute-api.us-west-2.amazonaws.com/test/app/api/v2/wheel-groups\n[API] Request Body: {\n  &amp;quot;wheel_group_name&amp;quot;: &amp;quot;IntegTest-WheelGroup-1755886276-005&amp;quot;,\n  &amp;quot;description&amp;quot;: &amp;quot;Integration test wheel group created at 2025-08-22T11:11:20.188204&amp;quot;,\n  &amp;quot;settings&amp;quot;: {\n    &amp;quot;allow_public_wheels&amp;quot;: true,\n    &amp;quot;require_approval_for_participation&amp;quot;: false,\n    &amp;quot;max_wheels_per_user&amp;quot;: 10,\n    &amp;quot;max_participants_per_wheel&amp;quot;: 100\n  },\n  &amp;quot;quotas&amp;quot;: {\n    &amp;quot;max_wheels&amp;quot;: 50,\n    &amp;quot;max_participants&amp;quot;: 1000,\n    &amp;quot;max_users&amp;quot;: 100\n  }\n}\n[API] Response: 403 (0.013s)\n[API] Response Body: {\n  &amp;quot;message&amp;quot;: &amp;quot;Missing Authentication Token&amp;quot;\n}\n&#34;}], &#34;tests/test_02_wheel_groups.py::TestWheelGroupCRUD::test_create_public_wheel_group&#34;: [{&#34;extras&#34;: [], &#34;result&#34;: &#34;Failed&#34;, &#34;testId&#34;: &#34;tests/test_02_wheel_groups.py::TestWheelGroupCRUD::test_create_public_wheel_group&#34;, &#34;duration&#34;: &#34;124 ms&#34;, &#34;resultsTableRow&#34;: [&#34;&lt;td class=\&#34;col-result\&#34;&gt;Failed&lt;/td&gt;&#34;, &#34;&lt;td class=\&#34;col-testId\&#34;&gt;tests/test_02_wheel_groups.py::TestWheelGroupCRUD::test_create_public_wheel_group&lt;/td&gt;&#34;, &#34;&lt;td class=\&#34;col-duration\&#34;&gt;124 ms&lt;/td&gt;&#34;, &#34;&lt;td class=\&#34;col-links\&#34;&gt;&lt;/td&gt;&#34;], &#34;log&#34;: &#34;self = &amp;lt;test_02_wheel_groups.TestWheelGroupCRUD object at 0x10392de20&amp;gt;, authenticated_client = &amp;lt;utils.api_client.APIClient object at 0x10392cad0&amp;gt;, test_data_factory = &amp;lt;utils.test_data_factory.TestDataFactory object at 0x103982c90&amp;gt;, cleanup_manager = &amp;lt;utils.cleanup.CleanupManager object at 0x1039838c0&amp;gt;\nassertions = &amp;lt;utils.assertions.APIAssertions object at 0x10428ef90&amp;gt;\n\n    @pytest.mark.critical\n    @pytest.mark.crud\n    def test_create_public_wheel_group(self, authenticated_client: APIClient,\n                                      test_data_factory: TestDataFactory,\n                                      cleanup_manager: CleanupManager,\n                                      assertions: APIAssertions):\n        &amp;quot;&amp;quot;&amp;quot;\n        Test creating wheel group via public API endpoint\n    \n        This tests the CRITICAL deployment admin endpoint for wheel group creation.\n        This endpoint requires deployment admin authentication (deployment_admin=true).\n        &amp;quot;&amp;quot;&amp;quot;\n        # Generate public wheel group data\n        public_data = test_data_factory.create_public_wheel_group_data()\n    \n        # Create wheel group via public endpoint (requires deployment admin auth)\n        response = authenticated_client.post(&amp;#x27;/app/api/v2/public/wheel-groups&amp;#x27;, data=public_data)\n    \n        # Verify creation\n&amp;gt;       assertions.assert_success_response(response,\n                                         &amp;quot;CRITICAL: Public wheel group creation failed - this breaks self-service onboarding&amp;quot;)\n\ntests/test_02_wheel_groups.py:70: \n_ _ _ _ _ _ _ _ _ _ _ _ _ _ _ _ _ _ _ _ _ _ _ _ _ _ _ _ _ _ _ _ _ _ _ _ _ _ _ _ _ _ _ _ _ _ _ _ _ _ _ _ _ _ _ _ _ _ _ _ _ _ _ _ _ _ _ _ _ _ _ _ _ _ _ _ _ _ _ _ _ _ _ _ _ _ _ _ _ _ _ _ _ _ _ _ _ _ _ _ _ _ _ _ _ _ _ _ _ _ _ _ _ _ _ _ _ _ _ _ _ _ _ _ _ _ _ _ _ _ _ _ _ _ _ _ _ _ _ _ _ _ _ _ _ _ _ _ _ _ _ _ _ _ _ _ _ _ _ _ _ _ _ _ _ _ _ _ _ _ _ _ _ _ _ _ _ _ _ _ _ \n\nresponse = APIResponse(status=403, response_time=0.013818s), message = &amp;#x27;CRITICAL: Public wheel group creation failed - this breaks self-service onboarding&amp;#x27;\n\n    @staticmethod\n    def assert_success_response(response: APIResponse, message: Optional[str] = None):\n        &amp;quot;&amp;quot;&amp;quot;\n        Assert response is successful (2xx)\n    \n        Args:\n            response: API response\n            message: Custom error message\n        &amp;quot;&amp;quot;&amp;quot;\n        if not response.is_success:\n            error_msg = message or (\n                f&amp;quot;Expected successful response, got {response.status_code}. &amp;quot;\n                f&amp;quot;Response: {response.text[:200]}&amp;quot;\n            )\n&amp;gt;           raise AssertionError(error_msg)\nE           utils.assertions.AssertionError: CRITICAL: Public wheel group creation failed - this breaks self-service onboarding\n\nutils/assertions.py:48: AssertionError\n\n----------------------------- Captured stdout call -----------------------------\n[API] POST https://hqtbr232u7.execute-api.us-west-2.amazonaws.com/test/app/api/v2/public/wheel-groups\n[API] Request Body: {\n  &amp;quot;wheel_group_name&amp;quot;: &amp;quot;PublicTest-WheelGroup-1755886276-006&amp;quot;,\n  &amp;quot;description&amp;quot;: &amp;quot;Public wheel group for integration testing - 2025-08-22T11:11:20.334696&amp;quot;,\n  &amp;quot;admin_user&amp;quot;: {\n    &amp;quot;username&amp;quot;: &amp;quot;admin-1755886276-007&amp;quot;,\n    &amp;quot;email&amp;quot;: &amp;quot;admin-1755886276-007@integrationtest.example.com&amp;quot;,\n    &amp;quot;password&amp;quot;: &amp;quot;TestPass7!xx&amp;quot;\n  }\n}\n[API] Response: 403 (0.014s)\n[API] Response Body: {\n  &amp;quot;message&amp;quot;: &amp;quot;Missing Authentication Token&amp;quot;\n}\n&#34;}], &#34;tests/test_02_wheel_groups.py::TestWheelGroupCRUD::test_get_wheel_group&#34;: [{&#34;extras&#34;: [], &#34;result&#34;: &#34;Error&#34;, &#34;testId&#34;: &#34;tests/test_02_wheel_groups.py::TestWheelGroupCRUD::test_get_wheel_group::setup&#34;, &#34;duration&#34;: &#34;123 ms&#34;, &#34;resultsTableRow&#34;: [&#34;&lt;td class=\&#34;col-result\&#34;&gt;Error&lt;/td&gt;&#34;, &#34;&lt;td class=\&#34;col-testId\&#34;&gt;tests/test_02_wheel_groups.py::TestWheelGroupCRUD::test_get_wheel_group::setup&lt;/td&gt;&#34;, &#34;&lt;td class=\&#34;col-duration\&#34;&gt;123 ms&lt;/td&gt;&#34;, &#34;&lt;td class=\&#34;col-links\&#34;&gt;&lt;/td&gt;&#34;], &#34;log&#34;: &#34;authenticated_client = &amp;lt;utils.api_client.APIClient object at 0x10392cad0&amp;gt;, test_data_factory = &amp;lt;utils.test_data_factory.TestDataFactory object at 0x103982c90&amp;gt;, cleanup_manager = &amp;lt;utils.cleanup.CleanupManager object at 0x1039838c0&amp;gt;, assertions = &amp;lt;utils.assertions.APIAssertions object at 0x10428e900&amp;gt;\n\n    @pytest.fixture\n    def test_wheel_group(authenticated_client: APIClient, test_data_factory: TestDataFactory,\n                        cleanup_manager: CleanupManager, assertions: APIAssertions) -&amp;gt; Dict[str, Any]:\n        &amp;quot;&amp;quot;&amp;quot;\n        Test wheel group fixture - creates a wheel group for testing\n    \n        Args:\n            authenticated_client: Authenticated API client\n            test_data_factory: Test data factory\n            cleanup_manager: Cleanup manager\n            assertions: API assertions\n    \n        Returns:\n            Created wheel group data\n        &amp;quot;&amp;quot;&amp;quot;\n        # Create wheel group using regular API (not public endpoint)\n        wheel_group_data = test_data_factory.create_wheel_group_data()\n    \n        response = authenticated_client.post(&amp;#x27;/app/api/v2/wheel-groups&amp;#x27;, data=wheel_group_data)\n&amp;gt;       assertions.assert_success_response(response, &amp;quot;Failed to create test wheel group&amp;quot;)\n\nconftest.py:299: \n_ _ _ _ _ _ _ _ _ _ _ _ _ _ _ _ _ _ _ _ _ _ _ _ _ _ _ _ _ _ _ _ _ _ _ _ _ _ _ _ _ _ _ _ _ _ _ _ _ _ _ _ _ _ _ _ _ _ _ _ _ _ _ _ _ _ _ _ _ _ _ _ _ _ _ _ _ _ _ _ _ _ _ _ _ _ _ _ _ _ _ _ _ _ _ _ _ _ _ _ _ _ _ _ _ _ _ _ _ _ _ _ _ _ _ _ _ _ _ _ _ _ _ _ _ _ _ _ _ _ _ _ _ _ _ _ _ _ _ _ _ _ _ _ _ _ _ _ _ _ _ _ _ _ _ _ _ _ _ _ _ _ _ _ _ _ _ _ _ _ _ _ _ _ _ _ _ _ _ _ _ \n\nresponse = APIResponse(status=403, response_time=0.013828s), message = &amp;#x27;Failed to create test wheel group&amp;#x27;\n\n    @staticmethod\n    def assert_success_response(response: APIResponse, message: Optional[str] = None):\n        &amp;quot;&amp;quot;&amp;quot;\n        Assert response is successful (2xx)\n    \n        Args:\n            response: API response\n            message: Custom error message\n        &amp;quot;&amp;quot;&amp;quot;\n        if not response.is_success:\n            error_msg = message or (\n                f&amp;quot;Expected successful response, got {response.status_code}. &amp;quot;\n                f&amp;quot;Response: {response.text[:200]}&amp;quot;\n            )\n&amp;gt;           raise AssertionError(error_msg)\nE           utils.assertions.AssertionError: Failed to create test wheel group\n\nutils/assertions.py:48: AssertionError\n\n---------------------------- Captured stdout setup -----------------------------\n[API] POST https://hqtbr232u7.execute-api.us-west-2.amazonaws.com/test/app/api/v2/wheel-groups\n[API] Request Body: {\n  &amp;quot;wheel_group_name&amp;quot;: &amp;quot;IntegTest-WheelGroup-1755886276-008&amp;quot;,\n  &amp;quot;description&amp;quot;: &amp;quot;Integration test wheel group created at 2025-08-22T11:11:20.474846&amp;quot;,\n  &amp;quot;settings&amp;quot;: {\n    &amp;quot;allow_public_wheels&amp;quot;: true,\n    &amp;quot;require_approval_for_participation&amp;quot;: false,\n    &amp;quot;max_wheels_per_user&amp;quot;: 10,\n    &amp;quot;max_participants_per_wheel&amp;quot;: 100\n  },\n  &amp;quot;quotas&amp;quot;: {\n    &amp;quot;max_wheels&amp;quot;: 50,\n    &amp;quot;max_participants&amp;quot;: 1000,\n    &amp;quot;max_users&amp;quot;: 100\n  }\n}\n[API] Response: 403 (0.014s)\n[API] Response Body: {\n  &amp;quot;message&amp;quot;: &amp;quot;Missing Authentication Token&amp;quot;\n}\n&#34;}], &#34;tests/test_02_wheel_groups.py::TestWheelGroupCRUD::test_list_wheel_groups&#34;: [{&#34;extras&#34;: [], &#34;result&#34;: &#34;Error&#34;, &#34;testId&#34;: &#34;tests/test_02_wheel_groups.py::TestWheelGroupCRUD::test_list_wheel_groups::setup&#34;, &#34;duration&#34;: &#34;122 ms&#34;, &#34;resultsTableRow&#34;: [&#34;&lt;td class=\&#34;col-result\&#34;&gt;Error&lt;/td&gt;&#34;, &#34;&lt;td class=\&#34;col-testId\&#34;&gt;tests/test_02_wheel_groups.py::TestWheelGroupCRUD::test_list_wheel_groups::setup&lt;/td&gt;&#34;, &#34;&lt;td class=\&#34;col-duration\&#34;&gt;122 ms&lt;/td&gt;&#34;, &#34;&lt;td class=\&#34;col-links\&#34;&gt;&lt;/td&gt;&#34;], &#34;log&#34;: &#34;authenticated_client = &amp;lt;utils.api_client.APIClient object at 0x10392cad0&amp;gt;, test_data_factory = &amp;lt;utils.test_data_factory.TestDataFactory object at 0x103982c90&amp;gt;, cleanup_manager = &amp;lt;utils.cleanup.CleanupManager object at 0x1039838c0&amp;gt;, assertions = &amp;lt;utils.assertions.APIAssertions object at 0x10428e870&amp;gt;\n\n    @pytest.fixture\n    def test_wheel_group(authenticated_client: APIClient, test_data_factory: TestDataFactory,\n                        cleanup_manager: CleanupManager, assertions: APIAssertions) -&amp;gt; Dict[str, Any]:\n        &amp;quot;&amp;quot;&amp;quot;\n        Test wheel group fixture - creates a wheel group for testing\n    \n        Args:\n            authenticated_client: Authenticated API client\n            test_data_factory: Test data factory\n            cleanup_manager: Cleanup manager\n            assertions: API assertions\n    \n        Returns:\n            Created wheel group data\n        &amp;quot;&amp;quot;&amp;quot;\n        # Create wheel group using regular API (not public endpoint)\n        wheel_group_data = test_data_factory.create_wheel_group_data()\n    \n        response = authenticated_client.post(&amp;#x27;/app/api/v2/wheel-groups&amp;#x27;, data=wheel_group_data)\n&amp;gt;       assertions.assert_success_response(response, &amp;quot;Failed to create test wheel group&amp;quot;)\n\nconftest.py:299: \n_ _ _ _ _ _ _ _ _ _ _ _ _ _ _ _ _ _ _ _ _ _ _ _ _ _ _ _ _ _ _ _ _ _ _ _ _ _ _ _ _ _ _ _ _ _ _ _ _ _ _ _ _ _ _ _ _ _ _ _ _ _ _ _ _ _ _ _ _ _ _ _ _ _ _ _ _ _ _ _ _ _ _ _ _ _ _ _ _ _ _ _ _ _ _ _ _ _ _ _ _ _ _ _ _ _ _ _ _ _ _ _ _ _ _ _ _ _ _ _ _ _ _ _ _ _ _ _ _ _ _ _ _ _ _ _ _ _ _ _ _ _ _ _ _ _ _ _ _ _ _ _ _ _ _ _ _ _ _ _ _ _ _ _ _ _ _ _ _ _ _ _ _ _ _ _ _ _ _ _ _ \n\nresponse = APIResponse(status=403, response_time=0.01301s), message = &amp;#x27;Failed to create test wheel group&amp;#x27;\n\n    @staticmethod\n    def assert_success_response(response: APIResponse, message: Optional[str] = None):\n        &amp;quot;&amp;quot;&amp;quot;\n        Assert response is successful (2xx)\n    \n        Args:\n            response: API response\n            message: Custom error message\n        &amp;quot;&amp;quot;&amp;quot;\n        if not response.is_success:\n            error_msg = message or (\n                f&amp;quot;Expected successful response, got {response.status_code}. &amp;quot;\n                f&amp;quot;Response: {response.text[:200]}&amp;quot;\n            )\n&amp;gt;           raise AssertionError(error_msg)\nE           utils.assertions.AssertionError: Failed to create test wheel group\n\nutils/assertions.py:48: AssertionError\n\n---------------------------- Captured stdout setup -----------------------------\n[API] POST https://hqtbr232u7.execute-api.us-west-2.amazonaws.com/test/app/api/v2/wheel-groups\n[API] Request Body: {\n  &amp;quot;wheel_group_name&amp;quot;: &amp;quot;IntegTest-WheelGroup-1755886276-009&amp;quot;,\n  &amp;quot;description&amp;quot;: &amp;quot;Integration test wheel group created at 2025-08-22T11:11:20.618624&amp;quot;,\n  &amp;quot;settings&amp;quot;: {\n    &amp;quot;allow_public_wheels&amp;quot;: true,\n    &amp;quot;require_approval_for_participation&amp;quot;: false,\n    &amp;quot;max_wheels_per_user&amp;quot;: 10,\n    &amp;quot;max_participants_per_wheel&amp;quot;: 100\n  },\n  &amp;quot;quotas&amp;quot;: {\n    &amp;quot;max_wheels&amp;quot;: 50,\n    &amp;quot;max_participants&amp;quot;: 1000,\n    &amp;quot;max_users&amp;quot;: 100\n  }\n}\n[API] Response: 403 (0.013s)\n[API] Response Body: {\n  &amp;quot;message&amp;quot;: &amp;quot;Missing Authentication Token&amp;quot;\n}\n&#34;}], &#34;tests/test_02_wheel_groups.py::TestWheelGroupCRUD::test_update_wheel_group&#34;: [{&#34;extras&#34;: [], &#34;result&#34;: &#34;Error&#34;, &#34;testId&#34;: &#34;tests/test_02_wheel_groups.py::TestWheelGroupCRUD::test_update_wheel_group::setup&#34;, &#34;duration&#34;: &#34;119 ms&#34;, &#34;resultsTableRow&#34;: [&#34;&lt;td class=\&#34;col-result\&#34;&gt;Error&lt;/td&gt;&#34;, &#34;&lt;td class=\&#34;col-testId\&#34;&gt;tests/test_02_wheel_groups.py::TestWheelGroupCRUD::test_update_wheel_group::setup&lt;/td&gt;&#34;, &#34;&lt;td class=\&#34;col-duration\&#34;&gt;119 ms&lt;/td&gt;&#34;, &#34;&lt;td class=\&#34;col-links\&#34;&gt;&lt;/td&gt;&#34;], &#34;log&#34;: &#34;authenticated_client = &amp;lt;utils.api_client.APIClient object at 0x10392cad0&amp;gt;, test_data_factory = &amp;lt;utils.test_data_factory.TestDataFactory object at 0x103982c90&amp;gt;, cleanup_manager = &amp;lt;utils.cleanup.CleanupManager object at 0x1039838c0&amp;gt;, assertions = &amp;lt;utils.assertions.APIAssertions object at 0x10428cc20&amp;gt;\n\n    @pytest.fixture\n    def test_wheel_group(authenticated_client: APIClient, test_data_factory: TestDataFactory,\n                        cleanup_manager: CleanupManager, assertions: APIAssertions) -&amp;gt; Dict[str, Any]:\n        &amp;quot;&amp;quot;&amp;quot;\n        Test wheel group fixture - creates a wheel group for testing\n    \n        Args:\n            authenticated_client: Authenticated API client\n            test_data_factory: Test data factory\n            cleanup_manager: Cleanup manager\n            assertions: API assertions\n    \n        Returns:\n            Created wheel group data\n        &amp;quot;&amp;quot;&amp;quot;\n        # Create wheel group using regular API (not public endpoint)\n        wheel_group_data = test_data_factory.create_wheel_group_data()\n    \n        response = authenticated_client.post(&amp;#x27;/app/api/v2/wheel-groups&amp;#x27;, data=wheel_group_data)\n&amp;gt;       assertions.assert_success_response(response, &amp;quot;Failed to create test wheel group&amp;quot;)\n\nconftest.py:299: \n_ _ _ _ _ _ _ _ _ _ _ _ _ _ _ _ _ _ _ _ _ _ _ _ _ _ _ _ _ _ _ _ _ _ _ _ _ _ _ _ _ _ _ _ _ _ _ _ _ _ _ _ _ _ _ _ _ _ _ _ _ _ _ _ _ _ _ _ _ _ _ _ _ _ _ _ _ _ _ _ _ _ _ _ _ _ _ _ _ _ _ _ _ _ _ _ _ _ _ _ _ _ _ _ _ _ _ _ _ _ _ _ _ _ _ _ _ _ _ _ _ _ _ _ _ _ _ _ _ _ _ _ _ _ _ _ _ _ _ _ _ _ _ _ _ _ _ _ _ _ _ _ _ _ _ _ _ _ _ _ _ _ _ _ _ _ _ _ _ _ _ _ _ _ _ _ _ _ _ _ _ \n\nresponse = APIResponse(status=403, response_time=0.012032s), message = &amp;#x27;Failed to create test wheel group&amp;#x27;\n\n    @staticmethod\n    def assert_success_response(response: APIResponse, message: Optional[str] = None):\n        &amp;quot;&amp;quot;&amp;quot;\n        Assert response is successful (2xx)\n    \n        Args:\n            response: API response\n            message: Custom error message\n        &amp;quot;&amp;quot;&amp;quot;\n        if not response.is_success:\n            error_msg = message or (\n                f&amp;quot;Expected successful response, got {response.status_code}. &amp;quot;\n                f&amp;quot;Response: {response.text[:200]}&amp;quot;\n            )\n&amp;gt;           raise AssertionError(error_msg)\nE           utils.assertions.AssertionError: Failed to create test wheel group\n\nutils/assertions.py:48: AssertionError\n\n---------------------------- Captured stdout setup -----------------------------\n[API] POST https://hqtbr232u7.execute-api.us-west-2.amazonaws.com/test/app/api/v2/wheel-groups\n[API] Request Body: {\n  &amp;quot;wheel_group_name&amp;quot;: &amp;quot;IntegTest-WheelGroup-1755886276-010&amp;quot;,\n  &amp;quot;description&amp;quot;: &amp;quot;Integration test wheel group created at 2025-08-22T11:11:20.764550&amp;quot;,\n  &amp;quot;settings&amp;quot;: {\n    &amp;quot;allow_public_wheels&amp;quot;: true,\n    &amp;quot;require_approval_for_participation&amp;quot;: false,\n    &amp;quot;max_wheels_per_user&amp;quot;: 10,\n    &amp;quot;max_participants_per_wheel&amp;quot;: 100\n  },\n  &amp;quot;quotas&amp;quot;: {\n    &amp;quot;max_wheels&amp;quot;: 50,\n    &amp;quot;max_participants&amp;quot;: 1000,\n    &amp;quot;max_users&amp;quot;: 100\n  }\n}\n[API] Response: 403 (0.012s)\n[API] Response Body: {\n  &amp;quot;message&amp;quot;: &amp;quot;Missing Authentication Token&amp;quot;\n}\n&#34;}], &#34;tests/test_02_wheel_groups.py::TestWheelGroupCRUD::test_delete_wheel_group&#34;: [{&#34;extras&#34;: [], &#34;result&#34;: &#34;Failed&#34;, &#34;testId&#34;: &#34;tests/test_02_wheel_groups.py::TestWheelGroupCRUD::test_delete_wheel_group&#34;, &#34;duration&#34;: &#34;120 ms&#34;, &#34;resultsTableRow&#34;: [&#34;&lt;td class=\&#34;col-result\&#34;&gt;Failed&lt;/td&gt;&#34;, &#34;&lt;td class=\&#34;col-testId\&#34;&gt;tests/test_02_wheel_groups.py::TestWheelGroupCRUD::test_delete_wheel_group&lt;/td&gt;&#34;, &#34;&lt;td class=\&#34;col-duration\&#34;&gt;120 ms&lt;/td&gt;&#34;, &#34;&lt;td class=\&#34;col-links\&#34;&gt;&lt;/td&gt;&#34;], &#34;log&#34;: &#34;self = &amp;lt;test_02_wheel_groups.TestWheelGroupCRUD object at 0x10392f110&amp;gt;, authenticated_client = &amp;lt;utils.api_client.APIClient object at 0x10392cad0&amp;gt;, test_data_factory = &amp;lt;utils.test_data_factory.TestDataFactory object at 0x103982c90&amp;gt;, cleanup_manager = &amp;lt;utils.cleanup.CleanupManager object at 0x1039838c0&amp;gt;\nassertions = &amp;lt;utils.assertions.APIAssertions object at 0x10428f650&amp;gt;\n\n    @pytest.mark.crud\n    def test_delete_wheel_group(self, authenticated_client: APIClient, test_data_factory: TestDataFactory,\n                               cleanup_manager: CleanupManager, assertions: APIAssertions):\n        &amp;quot;&amp;quot;&amp;quot;\n        Test deleting a wheel group\n    \n        Tests the DELETE endpoint for wheel group removal.\n        &amp;quot;&amp;quot;&amp;quot;\n        # Create a wheel group specifically for deletion test\n        wheel_group_data = test_data_factory.create_wheel_group_data()\n        response = authenticated_client.post(&amp;#x27;/app/api/v2/wheel-groups&amp;#x27;, data=wheel_group_data)\n&amp;gt;       assertions.assert_success_response(response, &amp;quot;Failed to create wheel group for deletion test&amp;quot;)\n\ntests/test_02_wheel_groups.py:196: \n_ _ _ _ _ _ _ _ _ _ _ _ _ _ _ _ _ _ _ _ _ _ _ _ _ _ _ _ _ _ _ _ _ _ _ _ _ _ _ _ _ _ _ _ _ _ _ _ _ _ _ _ _ _ _ _ _ _ _ _ _ _ _ _ _ _ _ _ _ _ _ _ _ _ _ _ _ _ _ _ _ _ _ _ _ _ _ _ _ _ _ _ _ _ _ _ _ _ _ _ _ _ _ _ _ _ _ _ _ _ _ _ _ _ _ _ _ _ _ _ _ _ _ _ _ _ _ _ _ _ _ _ _ _ _ _ _ _ _ _ _ _ _ _ _ _ _ _ _ _ _ _ _ _ _ _ _ _ _ _ _ _ _ _ _ _ _ _ _ _ _ _ _ _ _ _ _ _ _ _ _ \n\nresponse = APIResponse(status=403, response_time=0.012563s), message = &amp;#x27;Failed to create wheel group for deletion test&amp;#x27;\n\n    @staticmethod\n    def assert_success_response(response: APIResponse, message: Optional[str] = None):\n        &amp;quot;&amp;quot;&amp;quot;\n        Assert response is successful (2xx)\n    \n        Args:\n            response: API response\n            message: Custom error message\n        &amp;quot;&amp;quot;&amp;quot;\n        if not response.is_success:\n            error_msg = message or (\n                f&amp;quot;Expected successful response, got {response.status_code}. &amp;quot;\n                f&amp;quot;Response: {response.text[:200]}&amp;quot;\n            )\n&amp;gt;           raise AssertionError(error_msg)\nE           utils.assertions.AssertionError: Failed to create wheel group for deletion test\n\nutils/assertions.py:48: AssertionError\n\n----------------------------- Captured stdout call -----------------------------\n[API] POST https://hqtbr232u7.execute-api.us-west-2.amazonaws.com/test/app/api/v2/wheel-groups\n[API] Request Body: {\n  &amp;quot;wheel_group_name&amp;quot;: &amp;quot;IntegTest-WheelGroup-1755886276-011&amp;quot;,\n  &amp;quot;description&amp;quot;: &amp;quot;Integration test wheel group created at 2025-08-22T11:11:20.892217&amp;quot;,\n  &amp;quot;settings&amp;quot;: {\n    &amp;quot;allow_public_wheels&amp;quot;: true,\n    &amp;quot;require_approval_for_participation&amp;quot;: false,\n    &amp;quot;max_wheels_per_user&amp;quot;: 10,\n    &amp;quot;max_participants_per_wheel&amp;quot;: 100\n  },\n  &amp;quot;quotas&amp;quot;: {\n    &amp;quot;max_wheels&amp;quot;: 50,\n    &amp;quot;max_participants&amp;quot;: 1000,\n    &amp;quot;max_users&amp;quot;: 100\n  }\n}\n[API] Response: 403 (0.013s)\n[API] Response Body: {\n  &amp;quot;message&amp;quot;: &amp;quot;Missing Authentication Token&amp;quot;\n}\n&#34;}], &#34;tests/test_02_wheel_groups.py::TestWheelGroupValidation::test_create_wheel_group_missing_name&#34;: [{&#34;extras&#34;: [], &#34;result&#34;: &#34;Failed&#34;, &#34;testId&#34;: &#34;tests/test_02_wheel_groups.py::TestWheelGroupValidation::test_create_wheel_group_missing_name&#34;, &#34;duration&#34;: &#34;122 ms&#34;, &#34;resultsTableRow&#34;: [&#34;&lt;td class=\&#34;col-result\&#34;&gt;Failed&lt;/td&gt;&#34;, &#34;&lt;td class=\&#34;col-testId\&#34;&gt;tests/test_02_wheel_groups.py::TestWheelGroupValidation::test_create_wheel_group_missing_name&lt;/td&gt;&#34;, &#34;&lt;td class=\&#34;col-duration\&#34;&gt;122 ms&lt;/td&gt;&#34;, &#34;&lt;td class=\&#34;col-links\&#34;&gt;&lt;/td&gt;&#34;], &#34;log&#34;: &#34;self = &amp;lt;test_02_wheel_groups.TestWheelGroupValidation object at 0x10392f4d0&amp;gt;, authenticated_client = &amp;lt;utils.api_client.APIClient object at 0x10392cad0&amp;gt;, test_data_factory = &amp;lt;utils.test_data_factory.TestDataFactory object at 0x103982c90&amp;gt;, assertions = &amp;lt;utils.assertions.APIAssertions object at 0x1042de450&amp;gt;\n\n    @pytest.mark.crud\n    def test_create_wheel_group_missing_name(self, authenticated_client: APIClient,\n                                            test_data_factory: TestDataFactory,\n                                            assertions: APIAssertions):\n        &amp;quot;&amp;quot;&amp;quot;\n        Test creating wheel group with missing required name\n    \n        Tests validation of required fields.\n        &amp;quot;&amp;quot;&amp;quot;\n        # Create invalid data (missing wheel_group_name)\n        invalid_data = {\n            &amp;#x27;description&amp;#x27;: &amp;#x27;Test wheel group without name&amp;#x27;\n        }\n    \n        # Attempt to create wheel group\n        response = authenticated_client.post(&amp;#x27;/app/api/v2/wheel-groups&amp;#x27;, data=invalid_data)\n    \n        # Should fail with validation error\n&amp;gt;       assertions.assert_error_response(response, 400, &amp;quot;validation&amp;quot;)\n\ntests/test_02_wheel_groups.py:233: \n_ _ _ _ _ _ _ _ _ _ _ _ _ _ _ _ _ _ _ _ _ _ _ _ _ _ _ _ _ _ _ _ _ _ _ _ _ _ _ _ _ _ _ _ _ _ _ _ _ _ _ _ _ _ _ _ _ _ _ _ _ _ _ _ _ _ _ _ _ _ _ _ _ _ _ _ _ _ _ _ _ _ _ _ _ _ _ _ _ _ _ _ _ _ _ _ _ _ _ _ _ _ _ _ _ _ _ _ _ _ _ _ _ _ _ _ _ _ _ _ _ _ _ _ _ _ _ _ _ _ _ _ _ _ _ _ _ _ _ _ _ _ _ _ _ _ _ _ _ _ _ _ _ _ _ _ _ _ _ _ _ _ _ _ _ _ _ _ _ _ _ _ _ _ _ _ _ _ _ _ _ \nutils/assertions.py:160: in assert_error_response\n    APIAssertions.assert_status_code(response, expected_status)\n_ _ _ _ _ _ _ _ _ _ _ _ _ _ _ _ _ _ _ _ _ _ _ _ _ _ _ _ _ _ _ _ _ _ _ _ _ _ _ _ _ _ _ _ _ _ _ _ _ _ _ _ _ _ _ _ _ _ _ _ _ _ _ _ _ _ _ _ _ _ _ _ _ _ _ _ _ _ _ _ _ _ _ _ _ _ _ _ _ _ _ _ _ _ _ _ _ _ _ _ _ _ _ _ _ _ _ _ _ _ _ _ _ _ _ _ _ _ _ _ _ _ _ _ _ _ _ _ _ _ _ _ _ _ _ _ _ _ _ _ _ _ _ _ _ _ _ _ _ _ _ _ _ _ _ _ _ _ _ _ _ _ _ _ _ _ _ _ _ _ _ _ _ _ _ _ _ _ _ _ _ \n\nresponse = APIResponse(status=403, response_time=0.012586s), expected_status = 400, message = None\n\n    @staticmethod\n    def assert_status_code(response: APIResponse, expected_status: int,\n                          message: Optional[str] = None):\n        &amp;quot;&amp;quot;&amp;quot;\n        Assert response status code\n    \n        Args:\n            response: API response\n            expected_status: Expected status code\n            message: Custom error message\n        &amp;quot;&amp;quot;&amp;quot;\n        if response.status_code != expected_status:\n            error_msg = message or (\n                f&amp;quot;Expected status {expected_status}, got {response.status_code}. &amp;quot;\n                f&amp;quot;Response: {response.text[:200]}&amp;quot;\n            )\n&amp;gt;           raise AssertionError(error_msg)\nE           utils.assertions.AssertionError: Expected status 400, got 403. Response: {&amp;quot;message&amp;quot;:&amp;quot;Missing Authentication Token&amp;quot;}\n\nutils/assertions.py:32: AssertionError\n\n----------------------------- Captured stdout call -----------------------------\n[API] POST https://hqtbr232u7.execute-api.us-west-2.amazonaws.com/test/app/api/v2/wheel-groups\n[API] Request Body: {\n  &amp;quot;description&amp;quot;: &amp;quot;Test wheel group without name&amp;quot;\n}\n[API] Response: 403 (0.013s)\n[API] Response Body: {\n  &amp;quot;message&amp;quot;: &amp;quot;Missing Authentication Token&amp;quot;\n}\n&#34;}], &#34;tests/test_02_wheel_groups.py::TestWheelGroupValidation::test_create_duplicate_wheel_group_name&#34;: [{&#34;extras&#34;: [], &#34;result&#34;: &#34;Error&#34;, &#34;testId&#34;: &#34;tests/test_02_wheel_groups.py::TestWheelGroupValidation::test_create_duplicate_wheel_group_name::setup&#34;, &#34;duration&#34;: &#34;124 ms&#34;, &#34;resultsTableRow&#34;: [&#34;&lt;td class=\&#34;col-result\&#34;&gt;Error&lt;/td&gt;&#34;, &#34;&lt;td class=\&#34;col-testId\&#34;&gt;tests/test_02_wheel_groups.py::TestWheelGroupValidation::test_create_duplicate_wheel_group_name::setup&lt;/td&gt;&#34;, &#34;&lt;td class=\&#34;col-duration\&#34;&gt;124 ms&lt;/td&gt;&#34;, &#34;&lt;td class=\&#34;col-links\&#34;&gt;&lt;/td&gt;&#34;], &#34;log&#34;: &#34;authenticated_client = &amp;lt;utils.api_client.APIClient object at 0x10392cad0&amp;gt;, test_data_factory = &amp;lt;utils.test_data_factory.TestDataFactory object at 0x103982c90&amp;gt;, cleanup_manager = &amp;lt;utils.cleanup.CleanupManager object at 0x1039838c0&amp;gt;, assertions = &amp;lt;utils.assertions.APIAssertions object at 0x1042de420&amp;gt;\n\n    @pytest.fixture\n    def test_wheel_group(authenticated_client: APIClient, test_data_factory: TestDataFactory,\n                        cleanup_manager: CleanupManager, assertions: APIAssertions) -&amp;gt; Dict[str, Any]:\n        &amp;quot;&amp;quot;&amp;quot;\n        Test wheel group fixture - creates a wheel group for testing\n    \n        Args:\n            authenticated_client: Authenticated API client\n            test_data_factory: Test data factory\n            cleanup_manager: Cleanup manager\n            assertions: API assertions\n    \n        Returns:\n            Created wheel group data\n        &amp;quot;&amp;quot;&amp;quot;\n        # Create wheel group using regular API (not public endpoint)\n        wheel_group_data = test_data_factory.create_wheel_group_data()\n    \n        response = authenticated_client.post(&amp;#x27;/app/api/v2/wheel-groups&amp;#x27;, data=wheel_group_data)\n&amp;gt;       assertions.assert_success_response(response, &amp;quot;Failed to create test wheel group&amp;quot;)\n\nconftest.py:299: \n_ _ _ _ _ _ _ _ _ _ _ _ _ _ _ _ _ _ _ _ _ _ _ _ _ _ _ _ _ _ _ _ _ _ _ _ _ _ _ _ _ _ _ _ _ _ _ _ _ _ _ _ _ _ _ _ _ _ _ _ _ _ _ _ _ _ _ _ _ _ _ _ _ _ _ _ _ _ _ _ _ _ _ _ _ _ _ _ _ _ _ _ _ _ _ _ _ _ _ _ _ _ _ _ _ _ _ _ _ _ _ _ _ _ _ _ _ _ _ _ _ _ _ _ _ _ _ _ _ _ _ _ _ _ _ _ _ _ _ _ _ _ _ _ _ _ _ _ _ _ _ _ _ _ _ _ _ _ _ _ _ _ _ _ _ _ _ _ _ _ _ _ _ _ _ _ _ _ _ _ _ \n\nresponse = APIResponse(status=403, response_time=0.013635s), message = &amp;#x27;Failed to create test wheel group&amp;#x27;\n\n    @staticmethod\n    def assert_success_response(response: APIResponse, message: Optional[str] = None):\n        &amp;quot;&amp;quot;&amp;quot;\n        Assert response is successful (2xx)\n    \n        Args:\n            response: API response\n            message: Custom error message\n        &amp;quot;&amp;quot;&amp;quot;\n        if not response.is_success:\n            error_msg = message or (\n                f&amp;quot;Expected successful response, got {response.status_code}. &amp;quot;\n                f&amp;quot;Response: {response.text[:200]}&amp;quot;\n            )\n&amp;gt;           raise AssertionError(error_msg)\nE           utils.assertions.AssertionError: Failed to create test wheel group\n\nutils/assertions.py:48: AssertionError\n\n---------------------------- Captured stdout setup -----------------------------\n[API] POST https://hqtbr232u7.execute-api.us-west-2.amazonaws.com/test/app/api/v2/wheel-groups\n[API] Request Body: {\n  &amp;quot;wheel_group_name&amp;quot;: &amp;quot;IntegTest-WheelGroup-1755886276-012&amp;quot;,\n  &amp;quot;description&amp;quot;: &amp;quot;Integration test wheel group created at 2025-08-22T11:11:21.156472&amp;quot;,\n  &amp;quot;settings&amp;quot;: {\n    &amp;quot;allow_public_wheels&amp;quot;: true,\n    &amp;quot;require_approval_for_participation&amp;quot;: false,\n    &amp;quot;max_wheels_per_user&amp;quot;: 10,\n    &amp;quot;max_participants_per_wheel&amp;quot;: 100\n  },\n  &amp;quot;quotas&amp;quot;: {\n    &amp;quot;max_wheels&amp;quot;: 50,\n    &amp;quot;max_participants&amp;quot;: 1000,\n    &amp;quot;max_users&amp;quot;: 100\n  }\n}\n[API] Response: 403 (0.014s)\n[API] Response Body: {\n  &amp;quot;message&amp;quot;: &amp;quot;Missing Authentication Token&amp;quot;\n}\n&#34;}], &#34;tests/test_02_wheel_groups.py::TestWheelGroupValidation::test_get_nonexistent_wheel_group&#34;: [{&#34;extras&#34;: [], &#34;result&#34;: &#34;Failed&#34;, &#34;testId&#34;: &#34;tests/test_02_wheel_groups.py::TestWheelGroupValidation::test_get_nonexistent_wheel_group&#34;, &#34;duration&#34;: &#34;124 ms&#34;, &#34;resultsTableRow&#34;: [&#34;&lt;td class=\&#34;col-result\&#34;&gt;Failed&lt;/td&gt;&#34;, &#34;&lt;td class=\&#34;col-testId\&#34;&gt;tests/test_02_wheel_groups.py::TestWheelGroupValidation::test_get_nonexistent_wheel_group&lt;/td&gt;&#34;, &#34;&lt;td class=\&#34;col-duration\&#34;&gt;124 ms&lt;/td&gt;&#34;, &#34;&lt;td class=\&#34;col-links\&#34;&gt;&lt;/td&gt;&#34;], &#34;log&#34;: &#34;self = &amp;lt;test_02_wheel_groups.TestWheelGroupValidation object at 0x10392fbc0&amp;gt;, authenticated_client = &amp;lt;utils.api_client.APIClient object at 0x10392cad0&amp;gt;, assertions = &amp;lt;utils.assertions.APIAssertions object at 0x1042df560&amp;gt;\n\n    @pytest.mark.crud\n    def test_get_nonexistent_wheel_group(self, authenticated_client: APIClient, assertions: APIAssertions):\n        &amp;quot;&amp;quot;&amp;quot;\n        Test retrieving non-existent wheel group\n    \n        Tests 404 error handling.\n        &amp;quot;&amp;quot;&amp;quot;\n        # Try to get wheel group that doesn&amp;#x27;t exist\n        fake_id = &amp;quot;00000000-0000-0000-0000-000000000000&amp;quot;\n        response = authenticated_client.get(f&amp;#x27;/app/api/v2/wheel-groups/{fake_id}&amp;#x27;)\n    \n        # Should return 404\n&amp;gt;       assertions.assert_status_code(response, 404, &amp;quot;Should return 404 for non-existent wheel group&amp;quot;)\n\ntests/test_02_wheel_groups.py:268: \n_ _ _ _ _ _ _ _ _ _ _ _ _ _ _ _ _ _ _ _ _ _ _ _ _ _ _ _ _ _ _ _ _ _ _ _ _ _ _ _ _ _ _ _ _ _ _ _ _ _ _ _ _ _ _ _ _ _ _ _ _ _ _ _ _ _ _ _ _ _ _ _ _ _ _ _ _ _ _ _ _ _ _ _ _ _ _ _ _ _ _ _ _ _ _ _ _ _ _ _ _ _ _ _ _ _ _ _ _ _ _ _ _ _ _ _ _ _ _ _ _ _ _ _ _ _ _ _ _ _ _ _ _ _ _ _ _ _ _ _ _ _ _ _ _ _ _ _ _ _ _ _ _ _ _ _ _ _ _ _ _ _ _ _ _ _ _ _ _ _ _ _ _ _ _ _ _ _ _ _ _ \n\nresponse = APIResponse(status=403, response_time=0.013155s), expected_status = 404, message = &amp;#x27;Should return 404 for non-existent wheel group&amp;#x27;\n\n    @staticmethod\n    def assert_status_code(response: APIResponse, expected_status: int,\n                          message: Optional[str] = None):\n        &amp;quot;&amp;quot;&amp;quot;\n        Assert response status code\n    \n        Args:\n            response: API response\n            expected_status: Expected status code\n            message: Custom error message\n        &amp;quot;&amp;quot;&amp;quot;\n        if response.status_code != expected_status:\n            error_msg = message or (\n                f&amp;quot;Expected status {expected_status}, got {response.status_code}. &amp;quot;\n                f&amp;quot;Response: {response.text[:200]}&amp;quot;\n            )\n&amp;gt;           raise AssertionError(error_msg)\nE           utils.assertions.AssertionError: Should return 404 for non-existent wheel group\n\nutils/assertions.py:32: AssertionError\n\n----------------------------- Captured stdout call -----------------------------\n[API] GET https://hqtbr232u7.execute-api.us-west-2.amazonaws.com/test/app/api/v2/wheel-groups/00000000-0000-0000-0000-000000000000\n[API] Response: 403 (0.013s)\n[API] Response Body: {\n  &amp;quot;message&amp;quot;: &amp;quot;Missing Authentication Token&amp;quot;\n}\n&#34;}], &#34;tests/test_02_wheel_groups.py::TestWheelGroupValidation::test_unauthorized_wheel_group_access&#34;: [{&#34;extras&#34;: [], &#34;result&#34;: &#34;Error&#34;, &#34;testId&#34;: &#34;tests/test_02_wheel_groups.py::TestWheelGroupValidation::test_unauthorized_wheel_group_access::setup&#34;, &#34;duration&#34;: &#34;124 ms&#34;, &#34;resultsTableRow&#34;: [&#34;&lt;td class=\&#34;col-result\&#34;&gt;Error&lt;/td&gt;&#34;, &#34;&lt;td class=\&#34;col-testId\&#34;&gt;tests/test_02_wheel_groups.py::TestWheelGroupValidation::test_unauthorized_wheel_group_access::setup&lt;/td&gt;&#34;, &#34;&lt;td class=\&#34;col-duration\&#34;&gt;124 ms&lt;/td&gt;&#34;, &#34;&lt;td class=\&#34;col-links\&#34;&gt;&lt;/td&gt;&#34;], &#34;log&#34;: &#34;authenticated_client = &amp;lt;utils.api_client.APIClient object at 0x10392cad0&amp;gt;, test_data_factory = &amp;lt;utils.test_data_factory.TestDataFactory object at 0x103982c90&amp;gt;, cleanup_manager = &amp;lt;utils.cleanup.CleanupManager object at 0x1039838c0&amp;gt;, assertions = &amp;lt;utils.assertions.APIAssertions object at 0x1044b44d0&amp;gt;\n\n    @pytest.fixture\n    def test_wheel_group(authenticated_client: APIClient, test_data_factory: TestDataFactory,\n                        cleanup_manager: CleanupManager, assertions: APIAssertions) -&amp;gt; Dict[str, Any]:\n        &amp;quot;&amp;quot;&amp;quot;\n        Test wheel group fixture - creates a wheel group for testing\n    \n        Args:\n            authenticated_client: Authenticated API client\n            test_data_factory: Test data factory\n            cleanup_manager: Cleanup manager\n            assertions: API assertions\n    \n        Returns:\n            Created wheel group data\n        &amp;quot;&amp;quot;&amp;quot;\n        # Create wheel group using regular API (not public endpoint)\n        wheel_group_data = test_data_factory.create_wheel_group_data()\n    \n        response = authenticated_client.post(&amp;#x27;/app/api/v2/wheel-groups&amp;#x27;, data=wheel_group_data)\n&amp;gt;       assertions.assert_success_response(response, &amp;quot;Failed to create test wheel group&amp;quot;)\n\nconftest.py:299: \n_ _ _ _ _ _ _ _ _ _ _ _ _ _ _ _ _ _ _ _ _ _ _ _ _ _ _ _ _ _ _ _ _ _ _ _ _ _ _ _ _ _ _ _ _ _ _ _ _ _ _ _ _ _ _ _ _ _ _ _ _ _ _ _ _ _ _ _ _ _ _ _ _ _ _ _ _ _ _ _ _ _ _ _ _ _ _ _ _ _ _ _ _ _ _ _ _ _ _ _ _ _ _ _ _ _ _ _ _ _ _ _ _ _ _ _ _ _ _ _ _ _ _ _ _ _ _ _ _ _ _ _ _ _ _ _ _ _ _ _ _ _ _ _ _ _ _ _ _ _ _ _ _ _ _ _ _ _ _ _ _ _ _ _ _ _ _ _ _ _ _ _ _ _ _ _ _ _ _ _ _ \n\nresponse = APIResponse(status=403, response_time=0.014204s), message = &amp;#x27;Failed to create test wheel group&amp;#x27;\n\n    @staticmethod\n    def assert_success_response(response: APIResponse, message: Optional[str] = None):\n        &amp;quot;&amp;quot;&amp;quot;\n        Assert response is successful (2xx)\n    \n        Args:\n            response: API response\n            message: Custom error message\n        &amp;quot;&amp;quot;&amp;quot;\n        if not response.is_success:\n            error_msg = message or (\n                f&amp;quot;Expected successful response, got {response.status_code}. &amp;quot;\n                f&amp;quot;Response: {response.text[:200]}&amp;quot;\n            )\n&amp;gt;           raise AssertionError(error_msg)\nE           utils.assertions.AssertionError: Failed to create test wheel group\n\nutils/assertions.py:48: AssertionError\n\n---------------------------- Captured stdout setup -----------------------------\n[API] POST https://hqtbr232u7.execute-api.us-west-2.amazonaws.com/test/app/api/v2/wheel-groups\n[API] Request Body: {\n  &amp;quot;wheel_group_name&amp;quot;: &amp;quot;IntegTest-WheelGroup-1755886276-013&amp;quot;,\n  &amp;quot;description&amp;quot;: &amp;quot;Integration test wheel group created at 2025-08-22T11:11:21.444106&amp;quot;,\n  &amp;quot;settings&amp;quot;: {\n    &amp;quot;allow_public_wheels&amp;quot;: true,\n    &amp;quot;require_approval_for_participation&amp;quot;: false,\n    &amp;quot;max_wheels_per_user&amp;quot;: 10,\n    &amp;quot;max_participants_per_wheel&amp;quot;: 100\n  },\n  &amp;quot;quotas&amp;quot;: {\n    &amp;quot;max_wheels&amp;quot;: 50,\n    &amp;quot;max_participants&amp;quot;: 1000,\n    &amp;quot;max_users&amp;quot;: 100\n  }\n}\n[API] Response: 403 (0.014s)\n[API] Response Body: {\n  &amp;quot;message&amp;quot;: &amp;quot;Missing Authentication Token&amp;quot;\n}\n&#34;}], &#34;tests/test_02_wheel_groups.py::TestPublicWheelGroupValidation::test_public_wheel_group_missing_admin_user&#34;: [{&#34;extras&#34;: [], &#34;result&#34;: &#34;Failed&#34;, &#34;testId&#34;: &#34;tests/test_02_wheel_groups.py::TestPublicWheelGroupValidation::test_public_wheel_group_missing_admin_user&#34;, &#34;duration&#34;: &#34;128 ms&#34;, &#34;resultsTableRow&#34;: [&#34;&lt;td class=\&#34;col-result\&#34;&gt;Failed&lt;/td&gt;&#34;, &#34;&lt;td class=\&#34;col-testId\&#34;&gt;tests/test_02_wheel_groups.py::TestPublicWheelGroupValidation::test_public_wheel_group_missing_admin_user&lt;/td&gt;&#34;, &#34;&lt;td class=\&#34;col-duration\&#34;&gt;128 ms&lt;/td&gt;&#34;, &#34;&lt;td class=\&#34;col-links\&#34;&gt;&lt;/td&gt;&#34;], &#34;log&#34;: &#34;self = &amp;lt;test_02_wheel_groups.TestPublicWheelGroupValidation object at 0x103980320&amp;gt;, authenticated_client = &amp;lt;utils.api_client.APIClient object at 0x10392cad0&amp;gt;, test_data_factory = &amp;lt;utils.test_data_factory.TestDataFactory object at 0x103982c90&amp;gt;, assertions = &amp;lt;utils.assertions.APIAssertions object at 0x1042df950&amp;gt;\n\n    @pytest.mark.critical\n    @pytest.mark.crud\n    def test_public_wheel_group_missing_admin_user(self, authenticated_client: APIClient,\n                                                   test_data_factory: TestDataFactory,\n                                                   assertions: APIAssertions):\n        &amp;quot;&amp;quot;&amp;quot;\n        Test public wheel group creation with missing admin user data\n    \n        This tests validation of the critical deployment admin endpoint.\n        &amp;quot;&amp;quot;&amp;quot;\n        # Create invalid public data (missing admin_user)\n        invalid_data = {\n            &amp;#x27;wheel_group_name&amp;#x27;: test_data_factory.generate_wheel_group_name(&amp;quot;InvalidTest&amp;quot;),\n            &amp;#x27;description&amp;#x27;: &amp;#x27;Test wheel group without admin user&amp;#x27;\n        }\n    \n        # Attempt to create via public endpoint (requires deployment admin auth)\n        response = authenticated_client.post(&amp;#x27;/app/api/v2/public/wheel-groups&amp;#x27;, data=invalid_data)\n    \n        # Should fail with validation error\n&amp;gt;       assertions.assert_error_response(response, 400, &amp;quot;validation&amp;quot;)\n\ntests/test_02_wheel_groups.py:312: \n_ _ _ _ _ _ _ _ _ _ _ _ _ _ _ _ _ _ _ _ _ _ _ _ _ _ _ _ _ _ _ _ _ _ _ _ _ _ _ _ _ _ _ _ _ _ _ _ _ _ _ _ _ _ _ _ _ _ _ _ _ _ _ _ _ _ _ _ _ _ _ _ _ _ _ _ _ _ _ _ _ _ _ _ _ _ _ _ _ _ _ _ _ _ _ _ _ _ _ _ _ _ _ _ _ _ _ _ _ _ _ _ _ _ _ _ _ _ _ _ _ _ _ _ _ _ _ _ _ _ _ _ _ _ _ _ _ _ _ _ _ _ _ _ _ _ _ _ _ _ _ _ _ _ _ _ _ _ _ _ _ _ _ _ _ _ _ _ _ _ _ _ _ _ _ _ _ _ _ _ _ \nutils/assertions.py:160: in assert_error_response\n    APIAssertions.assert_status_code(response, expected_status)\n_ _ _ _ _ _ _ _ _ _ _ _ _ _ _ _ _ _ _ _ _ _ _ _ _ _ _ _ _ _ _ _ _ _ _ _ _ _ _ _ _ _ _ _ _ _ _ _ _ _ _ _ _ _ _ _ _ _ _ _ _ _ _ _ _ _ _ _ _ _ _ _ _ _ _ _ _ _ _ _ _ _ _ _ _ _ _ _ _ _ _ _ _ _ _ _ _ _ _ _ _ _ _ _ _ _ _ _ _ _ _ _ _ _ _ _ _ _ _ _ _ _ _ _ _ _ _ _ _ _ _ _ _ _ _ _ _ _ _ _ _ _ _ _ _ _ _ _ _ _ _ _ _ _ _ _ _ _ _ _ _ _ _ _ _ _ _ _ _ _ _ _ _ _ _ _ _ _ _ _ _ \n\nresponse = APIResponse(status=403, response_time=0.01591s), expected_status = 400, message = None\n\n    @staticmethod\n    def assert_status_code(response: APIResponse, expected_status: int,\n                          message: Optional[str] = None):\n        &amp;quot;&amp;quot;&amp;quot;\n        Assert response status code\n    \n        Args:\n            response: API response\n            expected_status: Expected status code\n            message: Custom error message\n        &amp;quot;&amp;quot;&amp;quot;\n        if response.status_code != expected_status:\n            error_msg = message or (\n                f&amp;quot;Expected status {expected_status}, got {response.status_code}. &amp;quot;\n                f&amp;quot;Response: {response.text[:200]}&amp;quot;\n            )\n&amp;gt;           raise AssertionError(error_msg)\nE           utils.assertions.AssertionError: Expected status 400, got 403. Response: {&amp;quot;message&amp;quot;:&amp;quot;Missing Authentication Token&amp;quot;}\n\nutils/assertions.py:32: AssertionError\n\n----------------------------- Captured stdout call -----------------------------\n[API] POST https://hqtbr232u7.execute-api.us-west-2.amazonaws.com/test/app/api/v2/public/wheel-groups\n[API] Request Body: {\n  &amp;quot;wheel_group_name&amp;quot;: &amp;quot;InvalidTest-WheelGroup-1755886276-014&amp;quot;,\n  &amp;quot;description&amp;quot;: &amp;quot;Test wheel group without admin user&amp;quot;\n}\n[API] Response: 403 (0.016s)\n[API] Response Body: {\n  &amp;quot;message&amp;quot;: &amp;quot;Missing Authentication Token&amp;quot;\n}\n&#34;}], &#34;tests/test_02_wheel_groups.py::TestPublicWheelGroupValidation::test_public_wheel_group_invalid_admin_email&#34;: [{&#34;extras&#34;: [], &#34;result&#34;: &#34;Failed&#34;, &#34;testId&#34;: &#34;tests/test_02_wheel_groups.py::TestPublicWheelGroupValidation::test_public_wheel_group_invalid_admin_email&#34;, &#34;duration&#34;: &#34;125 ms&#34;, &#34;resultsTableRow&#34;: [&#34;&lt;td class=\&#34;col-result\&#34;&gt;Failed&lt;/td&gt;&#34;, &#34;&lt;td class=\&#34;col-testId\&#34;&gt;tests/test_02_wheel_groups.py::TestPublicWheelGroupValidation::test_public_wheel_group_invalid_admin_email&lt;/td&gt;&#34;, &#34;&lt;td class=\&#34;col-duration\&#34;&gt;125 ms&lt;/td&gt;&#34;, &#34;&lt;td class=\&#34;col-links\&#34;&gt;&lt;/td&gt;&#34;], &#34;log&#34;: &#34;self = &amp;lt;test_02_wheel_groups.TestPublicWheelGroupValidation object at 0x103980680&amp;gt;, authenticated_client = &amp;lt;utils.api_client.APIClient object at 0x10392cad0&amp;gt;, test_data_factory = &amp;lt;utils.test_data_factory.TestDataFactory object at 0x103982c90&amp;gt;, assertions = &amp;lt;utils.assertions.APIAssertions object at 0x1042de030&amp;gt;\n\n    @pytest.mark.critical\n    @pytest.mark.crud\n    def test_public_wheel_group_invalid_admin_email(self, authenticated_client: APIClient,\n                                                    test_data_factory: TestDataFactory,\n                                                    assertions: APIAssertions):\n        &amp;quot;&amp;quot;&amp;quot;\n        Test public wheel group creation with invalid admin email\n    \n        Tests email validation in the critical deployment admin endpoint.\n        &amp;quot;&amp;quot;&amp;quot;\n        # Create data with invalid email\n        invalid_data = test_data_factory.create_public_wheel_group_data()\n        invalid_data[&amp;#x27;admin_user&amp;#x27;][&amp;#x27;email&amp;#x27;] = &amp;#x27;invalid-email-format&amp;#x27;\n    \n        # Attempt to create via public endpoint (requires deployment admin auth)\n        response = authenticated_client.post(&amp;#x27;/app/api/v2/public/wheel-groups&amp;#x27;, data=invalid_data)\n    \n        # Should fail with validation error\n&amp;gt;       assertions.assert_error_response(response, 400, &amp;quot;validation&amp;quot;)\n\ntests/test_02_wheel_groups.py:332: \n_ _ _ _ _ _ _ _ _ _ _ _ _ _ _ _ _ _ _ _ _ _ _ _ _ _ _ _ _ _ _ _ _ _ _ _ _ _ _ _ _ _ _ _ _ _ _ _ _ _ _ _ _ _ _ _ _ _ _ _ _ _ _ _ _ _ _ _ _ _ _ _ _ _ _ _ _ _ _ _ _ _ _ _ _ _ _ _ _ _ _ _ _ _ _ _ _ _ _ _ _ _ _ _ _ _ _ _ _ _ _ _ _ _ _ _ _ _ _ _ _ _ _ _ _ _ _ _ _ _ _ _ _ _ _ _ _ _ _ _ _ _ _ _ _ _ _ _ _ _ _ _ _ _ _ _ _ _ _ _ _ _ _ _ _ _ _ _ _ _ _ _ _ _ _ _ _ _ _ _ _ \nutils/assertions.py:160: in assert_error_response\n    APIAssertions.assert_status_code(response, expected_status)\n_ _ _ _ _ _ _ _ _ _ _ _ _ _ _ _ _ _ _ _ _ _ _ _ _ _ _ _ _ _ _ _ _ _ _ _ _ _ _ _ _ _ _ _ _ _ _ _ _ _ _ _ _ _ _ _ _ _ _ _ _ _ _ _ _ _ _ _ _ _ _ _ _ _ _ _ _ _ _ _ _ _ _ _ _ _ _ _ _ _ _ _ _ _ _ _ _ _ _ _ _ _ _ _ _ _ _ _ _ _ _ _ _ _ _ _ _ _ _ _ _ _ _ _ _ _ _ _ _ _ _ _ _ _ _ _ _ _ _ _ _ _ _ _ _ _ _ _ _ _ _ _ _ _ _ _ _ _ _ _ _ _ _ _ _ _ _ _ _ _ _ _ _ _ _ _ _ _ _ _ _ \n\nresponse = APIResponse(status=403, response_time=0.01356s), expected_status = 400, message = None\n\n    @staticmethod\n    def assert_status_code(response: APIResponse, expected_status: int,\n                          message: Optional[str] = None):\n        &amp;quot;&amp;quot;&amp;quot;\n        Assert response status code\n    \n        Args:\n            response: API response\n            expected_status: Expected status code\n            message: Custom error message\n        &amp;quot;&amp;quot;&amp;quot;\n        if response.status_code != expected_status:\n            error_msg = message or (\n                f&amp;quot;Expected status {expected_status}, got {response.status_code}. &amp;quot;\n                f&amp;quot;Response: {response.text[:200]}&amp;quot;\n            )\n&amp;gt;           raise AssertionError(error_msg)\nE           utils.assertions.AssertionError: Expected status 400, got 403. Response: {&amp;quot;message&amp;quot;:&amp;quot;Missing Authentication Token&amp;quot;}\n\nutils/assertions.py:32: AssertionError\n\n----------------------------- Captured stdout call -----------------------------\n[API] POST https://hqtbr232u7.execute-api.us-west-2.amazonaws.com/test/app/api/v2/public/wheel-groups\n[API] Request Body: {\n  &amp;quot;wheel_group_name&amp;quot;: &amp;quot;PublicTest-WheelGroup-1755886276-015&amp;quot;,\n  &amp;quot;description&amp;quot;: &amp;quot;Public wheel group for integration testing - 2025-08-22T11:11:21.738996&amp;quot;,\n  &amp;quot;admin_user&amp;quot;: {\n    &amp;quot;username&amp;quot;: &amp;quot;admin-1755886276-016&amp;quot;,\n    &amp;quot;email&amp;quot;: &amp;quot;invalid-email-format&amp;quot;,\n    &amp;quot;password&amp;quot;: &amp;quot;TestPass16!x&amp;quot;\n  }\n}\n[API] Response: 403 (0.014s)\n[API] Response Body: {\n  &amp;quot;message&amp;quot;: &amp;quot;Missing Authentication Token&amp;quot;\n}\n&#34;}], &#34;tests/test_02_wheel_groups.py::TestPublicWheelGroupValidation::test_public_wheel_group_weak_password&#34;: [{&#34;extras&#34;: [], &#34;result&#34;: &#34;Failed&#34;, &#34;testId&#34;: &#34;tests/test_02_wheel_groups.py::TestPublicWheelGroupValidation::test_public_wheel_group_weak_password&#34;, &#34;duration&#34;: &#34;125 ms&#34;, &#34;resultsTableRow&#34;: [&#34;&lt;td class=\&#34;col-result\&#34;&gt;Failed&lt;/td&gt;&#34;, &#34;&lt;td class=\&#34;col-testId\&#34;&gt;tests/test_02_wheel_groups.py::TestPublicWheelGroupValidation::test_public_wheel_group_weak_password&lt;/td&gt;&#34;, &#34;&lt;td class=\&#34;col-duration\&#34;&gt;125 ms&lt;/td&gt;&#34;, &#34;&lt;td class=\&#34;col-links\&#34;&gt;&lt;/td&gt;&#34;], &#34;log&#34;: &#34;self = &amp;lt;test_02_wheel_groups.TestPublicWheelGroupValidation object at 0x1039809e0&amp;gt;, authenticated_client = &amp;lt;utils.api_client.APIClient object at 0x10392cad0&amp;gt;, test_data_factory = &amp;lt;utils.test_data_factory.TestDataFactory object at 0x103982c90&amp;gt;, assertions = &amp;lt;utils.assertions.APIAssertions object at 0x10428c230&amp;gt;\n\n    @pytest.mark.crud\n    def test_public_wheel_group_weak_password(self, authenticated_client: APIClient,\n                                             test_data_factory: TestDataFactory,\n                                             assertions: APIAssertions):\n        &amp;quot;&amp;quot;&amp;quot;\n        Test public wheel group creation with weak admin password\n    \n        Tests password validation requirements.\n        &amp;quot;&amp;quot;&amp;quot;\n        # Create data with weak password\n        weak_data = test_data_factory.create_public_wheel_group_data()\n        weak_data[&amp;#x27;admin_user&amp;#x27;][&amp;#x27;password&amp;#x27;] = &amp;#x27;123&amp;#x27;  # Too weak\n    \n        # Attempt to create via public endpoint (requires deployment admin auth)\n        response = authenticated_client.post(&amp;#x27;/app/api/v2/public/wheel-groups&amp;#x27;, data=weak_data)\n    \n        # Should fail with validation error\n&amp;gt;       assertions.assert_error_response(response, 400, &amp;quot;validation&amp;quot;)\n\ntests/test_02_wheel_groups.py:351: \n_ _ _ _ _ _ _ _ _ _ _ _ _ _ _ _ _ _ _ _ _ _ _ _ _ _ _ _ _ _ _ _ _ _ _ _ _ _ _ _ _ _ _ _ _ _ _ _ _ _ _ _ _ _ _ _ _ _ _ _ _ _ _ _ _ _ _ _ _ _ _ _ _ _ _ _ _ _ _ _ _ _ _ _ _ _ _ _ _ _ _ _ _ _ _ _ _ _ _ _ _ _ _ _ _ _ _ _ _ _ _ _ _ _ _ _ _ _ _ _ _ _ _ _ _ _ _ _ _ _ _ _ _ _ _ _ _ _ _ _ _ _ _ _ _ _ _ _ _ _ _ _ _ _ _ _ _ _ _ _ _ _ _ _ _ _ _ _ _ _ _ _ _ _ _ _ _ _ _ _ _ \nutils/assertions.py:160: in assert_error_response\n    APIAssertions.assert_status_code(response, expected_status)\n_ _ _ _ _ _ _ _ _ _ _ _ _ _ _ _ _ _ _ _ _ _ _ _ _ _ _ _ _ _ _ _ _ _ _ _ _ _ _ _ _ _ _ _ _ _ _ _ _ _ _ _ _ _ _ _ _ _ _ _ _ _ _ _ _ _ _ _ _ _ _ _ _ _ _ _ _ _ _ _ _ _ _ _ _ _ _ _ _ _ _ _ _ _ _ _ _ _ _ _ _ _ _ _ _ _ _ _ _ _ _ _ _ _ _ _ _ _ _ _ _ _ _ _ _ _ _ _ _ _ _ _ _ _ _ _ _ _ _ _ _ _ _ _ _ _ _ _ _ _ _ _ _ _ _ _ _ _ _ _ _ _ _ _ _ _ _ _ _ _ _ _ _ _ _ _ _ _ _ _ _ \n\nresponse = APIResponse(status=403, response_time=0.013669s), expected_status = 400, message = None\n\n    @staticmethod\n    def assert_status_code(response: APIResponse, expected_status: int,\n                          message: Optional[str] = None):\n        &amp;quot;&amp;quot;&amp;quot;\n        Assert response status code\n    \n        Args:\n            response: API response\n            expected_status: Expected status code\n            message: Custom error message\n        &amp;quot;&amp;quot;&amp;quot;\n        if response.status_code != expected_status:\n            error_msg = message or (\n                f&amp;quot;Expected status {expected_status}, got {response.status_code}. &amp;quot;\n                f&amp;quot;Response: {response.text[:200]}&amp;quot;\n            )\n&amp;gt;           raise AssertionError(error_msg)\nE           utils.assertions.AssertionError: Expected status 400, got 403. Response: {&amp;quot;message&amp;quot;:&amp;quot;Missing Authentication Token&amp;quot;}\n\nutils/assertions.py:32: AssertionError\n\n----------------------------- Captured stdout call -----------------------------\n[API] POST https://hqtbr232u7.execute-api.us-west-2.amazonaws.com/test/app/api/v2/public/wheel-groups\n[API] Request Body: {\n  &amp;quot;wheel_group_name&amp;quot;: &amp;quot;PublicTest-WheelGroup-1755886276-017&amp;quot;,\n  &amp;quot;description&amp;quot;: &amp;quot;Public wheel group for integration testing - 2025-08-22T11:11:21.878582&amp;quot;,\n  &amp;quot;admin_user&amp;quot;: {\n    &amp;quot;username&amp;quot;: &amp;quot;admin-1755886276-018&amp;quot;,\n    &amp;quot;email&amp;quot;: &amp;quot;admin-1755886276-018@integrationtest.example.com&amp;quot;,\n    &amp;quot;password&amp;quot;: &amp;quot;123&amp;quot;\n  }\n}\n[API] Response: 403 (0.014s)\n[API] Response Body: {\n  &amp;quot;message&amp;quot;: &amp;quot;Missing Authentication Token&amp;quot;\n}\n&#34;}], &#34;tests/test_02_wheel_groups.py::TestWheelGroupPagination::test_wheel_group_list_pagination&#34;: [{&#34;extras&#34;: [], &#34;result&#34;: &#34;Failed&#34;, &#34;testId&#34;: &#34;tests/test_02_wheel_groups.py::TestWheelGroupPagination::test_wheel_group_list_pagination&#34;, &#34;duration&#34;: &#34;127 ms&#34;, &#34;resultsTableRow&#34;: [&#34;&lt;td class=\&#34;col-result\&#34;&gt;Failed&lt;/td&gt;&#34;, &#34;&lt;td class=\&#34;col-testId\&#34;&gt;tests/test_02_wheel_groups.py::TestWheelGroupPagination::test_wheel_group_list_pagination&lt;/td&gt;&#34;, &#34;&lt;td class=\&#34;col-duration\&#34;&gt;127 ms&lt;/td&gt;&#34;, &#34;&lt;td class=\&#34;col-links\&#34;&gt;&lt;/td&gt;&#34;], &#34;log&#34;: &#34;self = &amp;lt;test_02_wheel_groups.TestWheelGroupPagination object at 0x103980d40&amp;gt;, authenticated_client = &amp;lt;utils.api_client.APIClient object at 0x10392cad0&amp;gt;, assertions = &amp;lt;utils.assertions.APIAssertions object at 0x1044b7860&amp;gt;\n\n    @pytest.mark.crud\n    def test_wheel_group_list_pagination(self, authenticated_client: APIClient, assertions: APIAssertions):\n        &amp;quot;&amp;quot;&amp;quot;\n        Test wheel group list pagination\n    \n        Tests pagination parameters and response structure.\n        &amp;quot;&amp;quot;&amp;quot;\n        # Test with pagination parameters\n        response = authenticated_client.get(&amp;#x27;/app/api/v2/admin/wheel-groups&amp;#x27;,\n                                          params={&amp;#x27;page&amp;#x27;: 1, &amp;#x27;limit&amp;#x27;: 5})\n    \n        # Verify response\n&amp;gt;       assertions.assert_success_response(response, &amp;quot;Failed to get paginated wheel groups&amp;quot;)\n\ntests/test_02_wheel_groups.py:369: \n_ _ _ _ _ _ _ _ _ _ _ _ _ _ _ _ _ _ _ _ _ _ _ _ _ _ _ _ _ _ _ _ _ _ _ _ _ _ _ _ _ _ _ _ _ _ _ _ _ _ _ _ _ _ _ _ _ _ _ _ _ _ _ _ _ _ _ _ _ _ _ _ _ _ _ _ _ _ _ _ _ _ _ _ _ _ _ _ _ _ _ _ _ _ _ _ _ _ _ _ _ _ _ _ _ _ _ _ _ _ _ _ _ _ _ _ _ _ _ _ _ _ _ _ _ _ _ _ _ _ _ _ _ _ _ _ _ _ _ _ _ _ _ _ _ _ _ _ _ _ _ _ _ _ _ _ _ _ _ _ _ _ _ _ _ _ _ _ _ _ _ _ _ _ _ _ _ _ _ _ _ \n\nresponse = APIResponse(status=401, response_time=0.013837s), message = &amp;#x27;Failed to get paginated wheel groups&amp;#x27;\n\n    @staticmethod\n    def assert_success_response(response: APIResponse, message: Optional[str] = None):\n        &amp;quot;&amp;quot;&amp;quot;\n        Assert response is successful (2xx)\n    \n        Args:\n            response: API response\n            message: Custom error message\n        &amp;quot;&amp;quot;&amp;quot;\n        if not response.is_success:\n            error_msg = message or (\n                f&amp;quot;Expected successful response, got {response.status_code}. &amp;quot;\n                f&amp;quot;Response: {response.text[:200]}&amp;quot;\n            )\n&amp;gt;           raise AssertionError(error_msg)\nE           utils.assertions.AssertionError: Failed to get paginated wheel groups\n\nutils/assertions.py:48: AssertionError\n\n----------------------------- Captured stdout call -----------------------------\n[API] GET https://hqtbr232u7.execute-api.us-west-2.amazonaws.com/test/app/api/v2/admin/wheel-groups\n[API] Response: 401 (0.014s)\n[API] Response Body: {\n  &amp;quot;message&amp;quot;: &amp;quot;Unauthorized&amp;quot;\n}\n--------------------------- Captured stdout teardown ---------------------------\n[CLEANUP] Starting cleanup of all registered resources\n[CLEANUP] Cleanup completed: 0 successful, 0 failed\n\n[CLEANUP] Final cleanup: 0 successful, 0 failed\n&#34;}]}, &#34;renderCollapsed&#34;: [&#34;passed&#34;], &#34;initialSort&#34;: &#34;result&#34;, &#34;title&#34;: &#34;integration_test_report.html&#34;}"></div>
    <script>
      (function(){function r(e,n,t){function o(i,f){if(!n[i]){if(!e[i]){var c="function"==typeof require&&require;if(!f&&c)return c(i,!0);if(u)return u(i,!0);var a=new Error("Cannot find module '"+i+"'");throw a.code="MODULE_NOT_FOUND",a}var p=n[i]={exports:{}};e[i][0].call(p.exports,function(r){var n=e[i][1][r];return o(n||r)},p,p.exports,r,e,n,t)}return n[i].exports}for(var u="function"==typeof require&&require,i=0;i<t.length;i++)o(t[i]);return o}return r})()({1:[function(require,module,exports){
const { getCollapsedCategory, setCollapsedIds } = require('./storage.js')

class DataManager {
    setManager(data) {
        const collapsedCategories = [...getCollapsedCategory(data.renderCollapsed)]
        const collapsedIds = []
        const tests = Object.values(data.tests).flat().map((test, index) => {
            const collapsed = collapsedCategories.includes(test.result.toLowerCase())
            const id = `test_${index}`
            if (collapsed) {
                collapsedIds.push(id)
            }
            return {
                ...test,
                id,
                collapsed,
            }
        })
        const dataBlob = { ...data, tests }
        this.data = { ...dataBlob }
        this.renderData = { ...dataBlob }
        setCollapsedIds(collapsedIds)
    }

    get allData() {
        return { ...this.data }
    }

    resetRender() {
        this.renderData = { ...this.data }
    }

    setRender(data) {
        this.renderData.tests = [...data]
    }

    toggleCollapsedItem(id) {
        this.renderData.tests = this.renderData.tests.map((test) =>
            test.id === id ? { ...test, collapsed: !test.collapsed } : test,
        )
    }

    set allCollapsed(collapsed) {
        this.renderData = { ...this.renderData, tests: [...this.renderData.tests.map((test) => (
            { ...test, collapsed }
        ))] }
    }

    get testSubset() {
        return [...this.renderData.tests]
    }

    get environment() {
        return this.renderData.environment
    }

    get initialSort() {
        return this.data.initialSort
    }
}

module.exports = {
    manager: new DataManager(),
}

},{"./storage.js":8}],2:[function(require,module,exports){
const mediaViewer = require('./mediaviewer.js')
const templateEnvRow = document.getElementById('template_environment_row')
const templateResult = document.getElementById('template_results-table__tbody')

function htmlToElements(html) {
    const temp = document.createElement('template')
    temp.innerHTML = html
    return temp.content.childNodes
}

const find = (selector, elem) => {
    if (!elem) {
        elem = document
    }
    return elem.querySelector(selector)
}

const findAll = (selector, elem) => {
    if (!elem) {
        elem = document
    }
    return [...elem.querySelectorAll(selector)]
}

const dom = {
    getStaticRow: (key, value) => {
        const envRow = templateEnvRow.content.cloneNode(true)
        const isObj = typeof value === 'object' && value !== null
        const values = isObj ? Object.keys(value).map((k) => `${k}: ${value[k]}`) : null

        const valuesElement = htmlToElements(
            values ? `<ul>${values.map((val) => `<li>${val}</li>`).join('')}<ul>` : `<div>${value}</div>`)[0]
        const td = findAll('td', envRow)
        td[0].textContent = key
        td[1].appendChild(valuesElement)

        return envRow
    },
    getResultTBody: ({ testId, id, log, extras, resultsTableRow, tableHtml, result, collapsed }) => {
        const resultBody = templateResult.content.cloneNode(true)
        resultBody.querySelector('tbody').classList.add(result.toLowerCase())
        resultBody.querySelector('tbody').id = testId
        resultBody.querySelector('.collapsible').dataset.id = id

        resultsTableRow.forEach((html) => {
            const t = document.createElement('template')
            t.innerHTML = html
            resultBody.querySelector('.collapsible').appendChild(t.content)
        })

        if (log) {
            // Wrap lines starting with "E" with span.error to color those lines red
            const wrappedLog = log.replace(/^E.*$/gm, (match) => `<span class="error">${match}</span>`)
            resultBody.querySelector('.log').innerHTML = wrappedLog
        } else {
            resultBody.querySelector('.log').remove()
        }

        if (collapsed) {
            resultBody.querySelector('.collapsible > td')?.classList.add('collapsed')
            resultBody.querySelector('.extras-row').classList.add('hidden')
        } else {
            resultBody.querySelector('.collapsible > td')?.classList.remove('collapsed')
        }

        const media = []
        extras?.forEach(({ name, format_type, content }) => {
            if (['image', 'video'].includes(format_type)) {
                media.push({ path: content, name, format_type })
            }

            if (format_type === 'html') {
                resultBody.querySelector('.extraHTML').insertAdjacentHTML('beforeend', `<div>${content}</div>`)
            }
        })
        mediaViewer.setup(resultBody, media)

        // Add custom html from the pytest_html_results_table_html hook
        tableHtml?.forEach((item) => {
            resultBody.querySelector('td[class="extra"]').insertAdjacentHTML('beforeend', item)
        })

        return resultBody
    },
}

module.exports = {
    dom,
    htmlToElements,
    find,
    findAll,
}

},{"./mediaviewer.js":6}],3:[function(require,module,exports){
const { manager } = require('./datamanager.js')
const { doSort } = require('./sort.js')
const storageModule = require('./storage.js')

const getFilteredSubSet = (filter) =>
    manager.allData.tests.filter(({ result }) => filter.includes(result.toLowerCase()))

const doInitFilter = () => {
    const currentFilter = storageModule.getVisible()
    const filteredSubset = getFilteredSubSet(currentFilter)
    manager.setRender(filteredSubset)
}

const doFilter = (type, show) => {
    if (show) {
        storageModule.showCategory(type)
    } else {
        storageModule.hideCategory(type)
    }

    const currentFilter = storageModule.getVisible()
    const filteredSubset = getFilteredSubSet(currentFilter)
    manager.setRender(filteredSubset)

    const sortColumn = storageModule.getSort()
    doSort(sortColumn, true)
}

module.exports = {
    doFilter,
    doInitFilter,
}

},{"./datamanager.js":1,"./sort.js":7,"./storage.js":8}],4:[function(require,module,exports){
const { redraw, bindEvents, renderStatic } = require('./main.js')
const { doInitFilter } = require('./filter.js')
const { doInitSort } = require('./sort.js')
const { manager } = require('./datamanager.js')
const data = JSON.parse(document.getElementById('data-container').dataset.jsonblob)

function init() {
    manager.setManager(data)
    doInitFilter()
    doInitSort()
    renderStatic()
    redraw()
    bindEvents()
}

init()

},{"./datamanager.js":1,"./filter.js":3,"./main.js":5,"./sort.js":7}],5:[function(require,module,exports){
const { dom, find, findAll } = require('./dom.js')
const { manager } = require('./datamanager.js')
const { doSort } = require('./sort.js')
const { doFilter } = require('./filter.js')
const {
    getVisible,
    getCollapsedIds,
    setCollapsedIds,
    getSort,
    getSortDirection,
    possibleFilters,
} = require('./storage.js')

const removeChildren = (node) => {
    while (node.firstChild) {
        node.removeChild(node.firstChild)
    }
}

const renderStatic = () => {
    const renderEnvironmentTable = () => {
        const environment = manager.environment
        const rows = Object.keys(environment).map((key) => dom.getStaticRow(key, environment[key]))
        const table = document.getElementById('environment')
        removeChildren(table)
        rows.forEach((row) => table.appendChild(row))
    }
    renderEnvironmentTable()
}

const addItemToggleListener = (elem) => {
    elem.addEventListener('click', ({ target }) => {
        const id = target.parentElement.dataset.id
        manager.toggleCollapsedItem(id)

        const collapsedIds = getCollapsedIds()
        if (collapsedIds.includes(id)) {
            const updated = collapsedIds.filter((item) => item !== id)
            setCollapsedIds(updated)
        } else {
            collapsedIds.push(id)
            setCollapsedIds(collapsedIds)
        }
        redraw()
    })
}

const renderContent = (tests) => {
    const sortAttr = getSort(manager.initialSort)
    const sortAsc = JSON.parse(getSortDirection())
    const rows = tests.map(dom.getResultTBody)
    const table = document.getElementById('results-table')
    const tableHeader = document.getElementById('results-table-head')

    const newTable = document.createElement('table')
    newTable.id = 'results-table'

    // remove all sorting classes and set the relevant
    findAll('.sortable', tableHeader).forEach((elem) => elem.classList.remove('asc', 'desc'))
    tableHeader.querySelector(`.sortable[data-column-type="${sortAttr}"]`)?.classList.add(sortAsc ? 'desc' : 'asc')
    newTable.appendChild(tableHeader)

    if (!rows.length) {
        const emptyTable = document.getElementById('template_results-table__body--empty').content.cloneNode(true)
        newTable.appendChild(emptyTable)
    } else {
        rows.forEach((row) => {
            if (!!row) {
                findAll('.collapsible td:not(.col-links', row).forEach(addItemToggleListener)
                find('.logexpander', row).addEventListener('click',
                    (evt) => evt.target.parentNode.classList.toggle('expanded'),
                )
                newTable.appendChild(row)
            }
        })
    }

    table.replaceWith(newTable)
}

const renderDerived = () => {
    const currentFilter = getVisible()
    possibleFilters.forEach((result) => {
        const input = document.querySelector(`input[data-test-result="${result}"]`)
        input.checked = currentFilter.includes(result)
    })
}

const bindEvents = () => {
    const filterColumn = (evt) => {
        const { target: element } = evt
        const { testResult } = element.dataset

        doFilter(testResult, element.checked)
        const collapsedIds = getCollapsedIds()
        const updated = manager.renderData.tests.map((test) => {
            return {
                ...test,
                collapsed: collapsedIds.includes(test.id),
            }
        })
        manager.setRender(updated)
        redraw()
    }

    const header = document.getElementById('environment-header')
    header.addEventListener('click', () => {
        const table = document.getElementById('environment')
        table.classList.toggle('hidden')
        header.classList.toggle('collapsed')
    })

    findAll('input[name="filter_checkbox"]').forEach((elem) => {
        elem.addEventListener('click', filterColumn)
    })

    findAll('.sortable').forEach((elem) => {
        elem.addEventListener('click', (evt) => {
            const { target: element } = evt
            const { columnType } = element.dataset
            doSort(columnType)
            redraw()
        })
    })

    document.getElementById('show_all_details').addEventListener('click', () => {
        manager.allCollapsed = false
        setCollapsedIds([])
        redraw()
    })
    document.getElementById('hide_all_details').addEventListener('click', () => {
        manager.allCollapsed = true
        const allIds = manager.renderData.tests.map((test) => test.id)
        setCollapsedIds(allIds)
        redraw()
    })
}

const redraw = () => {
    const { testSubset } = manager

    renderContent(testSubset)
    renderDerived()
}

module.exports = {
    redraw,
    bindEvents,
    renderStatic,
}

},{"./datamanager.js":1,"./dom.js":2,"./filter.js":3,"./sort.js":7,"./storage.js":8}],6:[function(require,module,exports){
class MediaViewer {
    constructor(assets) {
        this.assets = assets
        this.index = 0
    }

    nextActive() {
        this.index = this.index === this.assets.length - 1 ? 0 : this.index + 1
        return [this.activeFile, this.index]
    }

    prevActive() {
        this.index = this.index === 0 ? this.assets.length - 1 : this.index -1
        return [this.activeFile, this.index]
    }

    get currentIndex() {
        return this.index
    }

    get activeFile() {
        return this.assets[this.index]
    }
}


const setup = (resultBody, assets) => {
    if (!assets.length) {
        resultBody.querySelector('.media').classList.add('hidden')
        return
    }

    const mediaViewer = new MediaViewer(assets)
    const container = resultBody.querySelector('.media-container')
    const leftArrow = resultBody.querySelector('.media-container__nav--left')
    const rightArrow = resultBody.querySelector('.media-container__nav--right')
    const mediaName = resultBody.querySelector('.media__name')
    const counter = resultBody.querySelector('.media__counter')
    const imageEl = resultBody.querySelector('img')
    const sourceEl = resultBody.querySelector('source')
    const videoEl = resultBody.querySelector('video')

    const setImg = (media, index) => {
        if (media?.format_type === 'image') {
            imageEl.src = media.path

            imageEl.classList.remove('hidden')
            videoEl.classList.add('hidden')
        } else if (media?.format_type === 'video') {
            sourceEl.src = media.path

            videoEl.classList.remove('hidden')
            imageEl.classList.add('hidden')
        }

        mediaName.innerText = media?.name
        counter.innerText = `${index + 1} / ${assets.length}`
    }
    setImg(mediaViewer.activeFile, mediaViewer.currentIndex)

    const moveLeft = () => {
        const [media, index] = mediaViewer.prevActive()
        setImg(media, index)
    }
    const doRight = () => {
        const [media, index] = mediaViewer.nextActive()
        setImg(media, index)
    }
    const openImg = () => {
        window.open(mediaViewer.activeFile.path, '_blank')
    }
    if (assets.length === 1) {
        container.classList.add('media-container--fullscreen')
    } else {
        leftArrow.addEventListener('click', moveLeft)
        rightArrow.addEventListener('click', doRight)
    }
    imageEl.addEventListener('click', openImg)
}

module.exports = {
    setup,
}

},{}],7:[function(require,module,exports){
const { manager } = require('./datamanager.js')
const storageModule = require('./storage.js')

const genericSort = (list, key, ascending, customOrder) => {
    let sorted
    if (customOrder) {
        sorted = list.sort((a, b) => {
            const aValue = a.result.toLowerCase()
            const bValue = b.result.toLowerCase()

            const aIndex = customOrder.findIndex((item) => item.toLowerCase() === aValue)
            const bIndex = customOrder.findIndex((item) => item.toLowerCase() === bValue)

            // Compare the indices to determine the sort order
            return aIndex - bIndex
        })
    } else {
        sorted = list.sort((a, b) => a[key] === b[key] ? 0 : a[key] > b[key] ? 1 : -1)
    }

    if (ascending) {
        sorted.reverse()
    }
    return sorted
}

const durationSort = (list, ascending) => {
    const parseDuration = (duration) => {
        if (duration.includes(':')) {
            // If it's in the format "HH:mm:ss"
            const [hours, minutes, seconds] = duration.split(':').map(Number)
            return (hours * 3600 + minutes * 60 + seconds) * 1000
        } else {
            // If it's in the format "nnn ms"
            return parseInt(duration)
        }
    }
    const sorted = list.sort((a, b) => parseDuration(a['duration']) - parseDuration(b['duration']))
    if (ascending) {
        sorted.reverse()
    }
    return sorted
}

const doInitSort = () => {
    const type = storageModule.getSort(manager.initialSort)
    const ascending = storageModule.getSortDirection()
    const list = manager.testSubset
    const initialOrder = ['Error', 'Failed', 'Rerun', 'XFailed', 'XPassed', 'Skipped', 'Passed']

    storageModule.setSort(type)
    storageModule.setSortDirection(ascending)

    if (type?.toLowerCase() === 'original') {
        manager.setRender(list)
    } else {
        let sortedList
        switch (type) {
        case 'duration':
            sortedList = durationSort(list, ascending)
            break
        case 'result':
            sortedList = genericSort(list, type, ascending, initialOrder)
            break
        default:
            sortedList = genericSort(list, type, ascending)
            break
        }
        manager.setRender(sortedList)
    }
}

const doSort = (type, skipDirection) => {
    const newSortType = storageModule.getSort(manager.initialSort) !== type
    const currentAsc = storageModule.getSortDirection()
    let ascending
    if (skipDirection) {
        ascending = currentAsc
    } else {
        ascending = newSortType ? false : !currentAsc
    }
    storageModule.setSort(type)
    storageModule.setSortDirection(ascending)

    const list = manager.testSubset
    const sortedList = type === 'duration' ? durationSort(list, ascending) : genericSort(list, type, ascending)
    manager.setRender(sortedList)
}

module.exports = {
    doInitSort,
    doSort,
}

},{"./datamanager.js":1,"./storage.js":8}],8:[function(require,module,exports){
const possibleFilters = [
    'passed',
    'skipped',
    'failed',
    'error',
    'xfailed',
    'xpassed',
    'rerun',
]

const getVisible = () => {
    const url = new URL(window.location.href)
    const settings = new URLSearchParams(url.search).get('visible')
    const lower = (item) => {
        const lowerItem = item.toLowerCase()
        if (possibleFilters.includes(lowerItem)) {
            return lowerItem
        }
        return null
    }
    return settings === null ?
        possibleFilters :
        [...new Set(settings?.split(',').map(lower).filter((item) => item))]
}

const hideCategory = (categoryToHide) => {
    const url = new URL(window.location.href)
    const visibleParams = new URLSearchParams(url.search).get('visible')
    const currentVisible = visibleParams ? visibleParams.split(',') : [...possibleFilters]
    const settings = [...new Set(currentVisible)].filter((f) => f !== categoryToHide).join(',')

    url.searchParams.set('visible', settings)
    window.history.pushState({}, null, unescape(url.href))
}

const showCategory = (categoryToShow) => {
    if (typeof window === 'undefined') {
        return
    }
    const url = new URL(window.location.href)
    const currentVisible = new URLSearchParams(url.search).get('visible')?.split(',').filter(Boolean) ||
        [...possibleFilters]
    const settings = [...new Set([categoryToShow, ...currentVisible])]
    const noFilter = possibleFilters.length === settings.length || !settings.length

    noFilter ? url.searchParams.delete('visible') : url.searchParams.set('visible', settings.join(','))
    window.history.pushState({}, null, unescape(url.href))
}

const getSort = (initialSort) => {
    const url = new URL(window.location.href)
    let sort = new URLSearchParams(url.search).get('sort')
    if (!sort) {
        sort = initialSort || 'result'
    }
    return sort
}

const setSort = (type) => {
    const url = new URL(window.location.href)
    url.searchParams.set('sort', type)
    window.history.pushState({}, null, unescape(url.href))
}

const getCollapsedCategory = (renderCollapsed) => {
    let categories
    if (typeof window !== 'undefined') {
        const url = new URL(window.location.href)
        const collapsedItems = new URLSearchParams(url.search).get('collapsed')
        switch (true) {
        case !renderCollapsed && collapsedItems === null:
            categories = ['passed']
            break
        case collapsedItems?.length === 0 || /^["']{2}$/.test(collapsedItems):
            categories = []
            break
        case /^all$/.test(collapsedItems) || collapsedItems === null && /^all$/.test(renderCollapsed):
            categories = [...possibleFilters]
            break
        default:
            categories = collapsedItems?.split(',').map((item) => item.toLowerCase()) || renderCollapsed
            break
        }
    } else {
        categories = []
    }
    return categories
}

const getSortDirection = () => JSON.parse(sessionStorage.getItem('sortAsc')) || false
const setSortDirection = (ascending) => sessionStorage.setItem('sortAsc', ascending)

const getCollapsedIds = () => JSON.parse(sessionStorage.getItem('collapsedIds')) || []
const setCollapsedIds = (list) => sessionStorage.setItem('collapsedIds', JSON.stringify(list))

module.exports = {
    getVisible,
    hideCategory,
    showCategory,
    getCollapsedIds,
    setCollapsedIds,
    getSort,
    setSort,
    getSortDirection,
    setSortDirection,
    getCollapsedCategory,
    possibleFilters,
}

},{}]},{},[4]);
    </script>
  </footer>
</html>